<?xml version="1.0" encoding="UTF-8"?>
<testsuites name="spectral-init-tests" tests="207" failures="0" errors="0" uuid="ab8c4738-0b76-4a9f-bf96-034cbb3cabe1" timestamp="2026-03-25T15:06:11.870-07:00" time="652.698">
    <testsuite name="spectral-init" tests="85" disabled="0" errors="0" failures="0">
        <testcase name="components::tests::test_two_connected_nodes" classname="spectral-init" timestamp="2026-03-25T15:06:11.870-07:00" time="0.005">
        </testcase>
        <testcase name="components::tests::test_path_graph_3" classname="spectral-init" timestamp="2026-03-25T15:06:11.871-07:00" time="0.004">
        </testcase>
        <testcase name="config_tests::compute_mode_rust_native_neq_python_compat" classname="spectral-init" timestamp="2026-03-25T15:06:11.871-07:00" time="0.004">
        </testcase>
        <testcase name="config_tests::compute_mode_variants_exhaustive" classname="spectral-init" timestamp="2026-03-25T15:06:11.870-07:00" time="0.005">
        </testcase>
        <testcase name="components::tests::test_two_isolated_nodes" classname="spectral-init" timestamp="2026-03-25T15:06:11.871-07:00" time="0.004">
        </testcase>
        <testcase name="components::tests::test_single_node_no_edges" classname="spectral-init" timestamp="2026-03-25T15:06:11.871-07:00" time="0.005">
        </testcase>
        <testcase name="components::tests::test_empty_graph" classname="spectral-init" timestamp="2026-03-25T15:06:11.870-07:00" time="0.005">
        </testcase>
        <testcase name="components::tests::test_two_components_four_nodes" classname="spectral-init" timestamp="2026-03-25T15:06:11.871-07:00" time="0.004">
        </testcase>
        <testcase name="laplacian::tests::build_laplacian_symmetry" classname="spectral-init" timestamp="2026-03-25T15:06:11.870-07:00" time="0.005">
        </testcase>
        <testcase name="config_tests::default_config_is_python_compat" classname="spectral-init" timestamp="2026-03-25T15:06:11.871-07:00" time="0.005">
        </testcase>
        <testcase name="components::tests::test_three_isolated_nodes" classname="spectral-init" timestamp="2026-03-25T15:06:11.871-07:00" time="0.005">
        </testcase>
        <testcase name="laplacian::tests::build_laplacian_isolated_node" classname="spectral-init" timestamp="2026-03-25T15:06:11.871-07:00" time="0.005">
        </testcase>
        <testcase name="config_tests::compute_mode_copy_clone_eq" classname="spectral-init" timestamp="2026-03-25T15:06:11.871-07:00" time="0.006">
        </testcase>
        <testcase name="laplacian::tests::build_laplacian_two_node_complete_graph" classname="spectral-init" timestamp="2026-03-25T15:06:11.871-07:00" time="0.007">
        </testcase>
        <testcase name="multi_component::tests::test_extract_subgraph_single_node" classname="spectral-init" timestamp="2026-03-25T15:06:11.875-07:00" time="0.004">
        </testcase>
        <testcase name="config_tests::python_compat_and_rust_native_same_subspace" classname="spectral-init" timestamp="2026-03-25T15:06:11.871-07:00" time="0.008">
        </testcase>
        <testcase name="multi_component::tests::test_orthogonal_meta_embedding_1_comp_3_dim" classname="spectral-init" timestamp="2026-03-25T15:06:11.875-07:00" time="0.004">
        </testcase>
        <testcase name="laplacian::tests::compute_degrees_python_compat_matches_column_sum" classname="spectral-init" timestamp="2026-03-25T15:06:11.875-07:00" time="0.004">
        </testcase>
        <testcase name="multi_component::tests::test_extract_subgraph_two_components" classname="spectral-init" timestamp="2026-03-25T15:06:11.875-07:00" time="0.004">
        </testcase>
        <testcase name="multi_component::tests::test_orthogonal_meta_embedding_2_comp_2_dim" classname="spectral-init" timestamp="2026-03-25T15:06:11.876-07:00" time="0.005">
        </testcase>
        <testcase name="laplacian::tests::build_laplacian_weighted_edge" classname="spectral-init" timestamp="2026-03-25T15:06:11.875-07:00" time="0.006">
        </testcase>
        <testcase name="multi_component::tests::test_embed_disconnected_tiny_components_placed_at_meta_pos" classname="spectral-init" timestamp="2026-03-25T15:06:11.875-07:00" time="0.006">
        </testcase>
        <testcase name="operator::tests::test_csr_operator_block_matches_sequential" classname="spectral-init" timestamp="2026-03-25T15:06:11.877-07:00" time="0.005">
        </testcase>
        <testcase name="laplacian::tests::compute_degrees_rust_native_uses_f64_row_sum" classname="spectral-init" timestamp="2026-03-25T15:06:11.875-07:00" time="0.006">
        </testcase>
        <testcase name="laplacian::tests::compute_degrees_zero_degree_node" classname="spectral-init" timestamp="2026-03-25T15:06:11.875-07:00" time="0.006">
        </testcase>
        <testcase name="multi_component::tests::test_embed_disconnected_two_pairs_shape_and_finite" classname="spectral-init" timestamp="2026-03-25T15:06:11.875-07:00" time="0.007">
        </testcase>
        <testcase name="config_tests::spectral_init_with_default_config_compiles_and_runs" classname="spectral-init" timestamp="2026-03-25T15:06:11.871-07:00" time="0.011">
        </testcase>
        <testcase name="operator::tests::test_csr_operator_residual_diagonal" classname="spectral-init" timestamp="2026-03-25T15:06:11.878-07:00" time="0.005">
        </testcase>
        <testcase name="multi_component::tests::test_orthogonal_meta_embedding_4_comp_2_dim" classname="spectral-init" timestamp="2026-03-25T15:06:11.876-07:00" time="0.007">
        </testcase>
        <testcase name="operator::tests::test_spmv_diagonal_matrix" classname="spectral-init" timestamp="2026-03-25T15:06:11.879-07:00" time="0.005">
        </testcase>
        <testcase name="operator::tests::test_csr_operator_single_vector" classname="spectral-init" timestamp="2026-03-25T15:06:11.879-07:00" time="0.005">
        </testcase>
        <testcase name="selection::tests::selects_correct_columns_sorted_input" classname="spectral-init" timestamp="2026-03-25T15:06:11.880-07:00" time="0.004">
        </testcase>
        <testcase name="multi_component::tests::test_embed_disconnected_intracomp_lt_intercomp" classname="spectral-init" timestamp="2026-03-25T15:06:11.875-07:00" time="0.009">
        </testcase>
        <testcase name="solvers::dense::tests::dense_evd_k_greater_than_n_returns_error" classname="spectral-init" timestamp="2026-03-25T15:06:11.882-07:00" time="0.004">
        </testcase>
        <testcase name="operator::tests::test_spmv_matches_csr_operator_single_vector" classname="spectral-init" timestamp="2026-03-25T15:06:11.880-07:00" time="0.006">
        </testcase>
        <testcase name="operator::tests::test_spmv_identity_matrix" classname="spectral-init" timestamp="2026-03-25T15:06:11.879-07:00" time="0.007">
        </testcase>
        <testcase name="selection::tests::sorts_before_skipping_trivial" classname="spectral-init" timestamp="2026-03-25T15:06:11.881-07:00" time="0.005">
        </testcase>
        <testcase name="solvers::lobpcg::tests::chebyshev_precond_degree1_matches_formula" classname="spectral-init" timestamp="2026-03-25T15:06:11.882-07:00" time="0.005">
        </testcase>
        <testcase name="solvers::dense::tests::dense_evd_identity_3x3" classname="spectral-init" timestamp="2026-03-25T15:06:11.881-07:00" time="0.007">
        </testcase>
        <testcase name="solvers::lobpcg::tests::chebyshev_precond_filters_high_eigenvalues" classname="spectral-init" timestamp="2026-03-25T15:06:11.882-07:00" time="0.006">
        </testcase>
        <testcase name="solvers::lobpcg::tests::lobpcg_accept_tol_is_1e5" classname="spectral-init" timestamp="2026-03-25T15:06:11.883-07:00" time="0.006">
        </testcase>
        <testcase name="selection::tests::selects_single_nontrivial_eigenvector" classname="spectral-init" timestamp="2026-03-25T15:06:11.881-07:00" time="0.008">
        </testcase>
        <testcase name="operator::tests::test_spmv_matches_dense_reference" classname="spectral-init" timestamp="2026-03-25T15:06:11.880-07:00" time="0.009">
        </testcase>
        <testcase name="solvers::dense::tests::dense_evd_trivial_2x2" classname="spectral-init" timestamp="2026-03-25T15:06:11.882-07:00" time="0.009">
        </testcase>
        <testcase name="solvers::lobpcg::tests::per_vector_residuals_exact_near_zero" classname="spectral-init" timestamp="2026-03-25T15:06:11.887-07:00" time="0.004">
        </testcase>
        <testcase name="solvers::lobpcg::tests::lobpcg_solve_restart_count_zero_on_easy_convergence" classname="spectral-init" timestamp="2026-03-25T15:06:11.886-07:00" time="0.009">
        </testcase>
        <testcase name="solvers::lobpcg::tests::lobpcg_solve_diagonal_level1" classname="spectral-init" timestamp="2026-03-25T15:06:11.884-07:00" time="0.013">
        </testcase>
        <testcase name="solvers::lobpcg::tests::lobpcg_solve_eigenvectors_orthonormal" classname="spectral-init" timestamp="2026-03-25T15:06:11.885-07:00" time="0.013">
        </testcase>
        <testcase name="solvers::lobpcg::tests::lobpcg_solve_level2_eigenvalues_corrected" classname="spectral-init" timestamp="2026-03-25T15:06:11.885-07:00" time="0.012">
        </testcase>
        <testcase name="solvers::rsvd::tests::test_two_i_minus_laplacian_path_3" classname="spectral-init" timestamp="2026-03-25T15:06:11.891-07:00" time="0.007">
        </testcase>
        <testcase name="solvers::lobpcg::tests::rayleigh_ritz_refine_rotated_basis_recovers_eigenvalues" classname="spectral-init" timestamp="2026-03-25T15:06:11.889-07:00" time="0.009">
        </testcase>
        <testcase name="solvers::lobpcg::tests::rayleigh_ritz_refine_exact_eigenvectors_diagonal" classname="spectral-init" timestamp="2026-03-25T15:06:11.889-07:00" time="0.010">
        </testcase>
        <testcase name="solvers::lobpcg::tests::per_vector_residuals_non_eigenvector_large" classname="spectral-init" timestamp="2026-03-25T15:06:11.889-07:00" time="0.010">
        </testcase>
        <testcase name="solvers::lobpcg::tests::lobpcg_solve_rr_achieves_tight_residuals" classname="spectral-init" timestamp="2026-03-25T15:06:11.887-07:00" time="0.014">
        </testcase>
        <testcase name="solvers::lobpcg::tests::rayleigh_ritz_refine_perturbed_eigenvectors" classname="spectral-init" timestamp="2026-03-25T15:06:11.889-07:00" time="0.011">
        </testcase>
        <testcase name="solvers::sinv::tests::eigenvalue_recovery_formula_exact" classname="spectral-init" timestamp="2026-03-25T15:06:11.895-07:00" time="0.007">
        </testcase>
        <testcase name="solvers::rsvd::tests::test_rsvd_solve_residuals_ring_6" classname="spectral-init" timestamp="2026-03-25T15:06:11.889-07:00" time="0.013">
        </testcase>
        <testcase name="solvers::sinv::tests::sprs_csc_to_faer_identity_roundtrip" classname="spectral-init" timestamp="2026-03-25T15:06:11.898-07:00" time="0.005">
        </testcase>
        <testcase name="solvers::dense::tests::dense_evd_truncation_k_less_than_n" classname="spectral-init" timestamp="2026-03-25T15:06:11.882-07:00" time="0.022">
        </testcase>
        <testcase name="solvers::sinv::tests::sprs_csc_to_faer_shifted_diagonal" classname="spectral-init" timestamp="2026-03-25T15:06:11.899-07:00" time="0.005">
        </testcase>
        <testcase name="solvers::rsvd::tests::test_rsvd_solve_shapes_complete_5" classname="spectral-init" timestamp="2026-03-25T15:06:11.891-07:00" time="0.013">
        </testcase>
        <testcase name="solvers::sinv::tests::sinv_returns_none_for_empty_or_degenerate" classname="spectral-init" timestamp="2026-03-25T15:06:11.897-07:00" time="0.007">
        </testcase>
        <testcase name="solvers::tests::max_eigenpair_residual_large_for_non_eigenvector" classname="spectral-init" timestamp="2026-03-25T15:06:11.901-07:00" time="0.006">
        </testcase>
        <testcase name="solvers::tests::lobpcg_quality_threshold_is_1e5" classname="spectral-init" timestamp="2026-03-25T15:06:11.900-07:00" time="0.006">
        </testcase>
        <testcase name="solvers::tests::max_eigenpair_residual_trivial_near_zero" classname="spectral-init" timestamp="2026-03-25T15:06:11.901-07:00" time="0.005">
        </testcase>
        <testcase name="solvers::tests::quality_gate_accepts_near_eigenvector_at_lobpcg_threshold" classname="spectral-init" timestamp="2026-03-25T15:06:11.902-07:00" time="0.005">
        </testcase>
        <testcase name="solvers::tests::level0_result_passes_dense_evd_quality_gate" classname="spectral-init" timestamp="2026-03-25T15:06:11.899-07:00" time="0.008">
        </testcase>
        <testcase name="solvers::tests::quality_gate_catches_garbage_at_dense_evd_threshold" classname="spectral-init" timestamp="2026-03-25T15:06:11.904-07:00" time="0.005">
        </testcase>
        <testcase name="solvers::sinv::tests::sinv_solve_diagonal_eigenvalues_accurate" classname="spectral-init" timestamp="2026-03-25T15:06:11.898-07:00" time="0.011">
        </testcase>
        <testcase name="solvers::tests::sinv_quality_threshold_ordering" classname="spectral-init" timestamp="2026-03-25T15:06:11.904-07:00" time="0.006">
        </testcase>
        <testcase name="solvers::tests::solve_eigenproblem_eigenvalues_nonneg_and_sorted" classname="spectral-init" timestamp="2026-03-25T15:06:11.904-07:00" time="0.008">
        </testcase>
        <testcase name="tests::spectral_init_too_few_nodes_returns_error" classname="spectral-init" timestamp="2026-03-25T15:06:11.908-07:00" time="0.004">
        </testcase>
        <testcase name="tests::spectral_init_zero_components_returns_error" classname="spectral-init" timestamp="2026-03-25T15:06:11.909-07:00" time="0.004">
        </testcase>
        <testcase name="tests::spectral_init_empty_graph_returns_error" classname="spectral-init" timestamp="2026-03-25T15:06:11.907-07:00" time="0.006">
        </testcase>
        <testcase name="solvers::tests::threshold_ordering_is_strict" classname="spectral-init" timestamp="2026-03-25T15:06:11.906-07:00" time="0.007">
        </testcase>
        <testcase name="tests::spectral_error_is_std_error" classname="spectral-init" timestamp="2026-03-25T15:06:11.907-07:00" time="0.007">
        </testcase>
        <testcase name="solvers::tests::solve_eigenproblem_returns_k_plus_one_pairs" classname="spectral-init" timestamp="2026-03-25T15:06:11.906-07:00" time="0.008">
        </testcase>
        <testcase name="tests::spectral_init_connected_graph_succeeds_and_has_correct_shape" classname="spectral-init" timestamp="2026-03-25T15:06:11.907-07:00" time="0.008">
        </testcase>
        <testcase name="solvers::lobpcg::tests::lobpcg_injects_trivial_eigenvector" classname="spectral-init" timestamp="2026-03-25T15:06:11.884-07:00" time="0.040">
        </testcase>
        <testcase name="solvers::sinv::tests::sinv_solve_eigenvectors_orthonormal" classname="spectral-init" timestamp="2026-03-25T15:06:11.898-07:00" time="0.057">
        </testcase>
        <testcase name="solvers::sinv::tests::sinv_solve_returns_k_plus_one_pairs" classname="spectral-init" timestamp="2026-03-25T15:06:11.898-07:00" time="0.059">
        </testcase>
        <testcase name="solvers::lobpcg::tests::lobpcg_solve_returns_k_plus_one_eigenpairs" classname="spectral-init" timestamp="2026-03-25T15:06:11.886-07:00" time="0.099">
        </testcase>
        <testcase name="solvers::lobpcg::tests::lobpcg_solve_near_degenerate_residuals_within_tol" classname="spectral-init" timestamp="2026-03-25T15:06:11.885-07:00" time="6.692">
        </testcase>
        <testcase name="solvers::tests::solve_eigenproblem_level_numbering" classname="spectral-init" timestamp="2026-03-25T15:06:11.904-07:00" time="18.661">
        </testcase>
        <testcase name="solvers::tests::solve_eigenproblem_large_n_routes_through_lobpcg" classname="spectral-init" timestamp="2026-03-25T15:06:11.904-07:00" time="19.001">
        </testcase>
    </testsuite>
    <testsuite name="spectral-init::npz_loading" tests="1" disabled="0" errors="0" failures="0">
        <testcase name="smoke_load_comp_a_degrees_blobs_connected_200" classname="spectral-init::npz_loading" timestamp="2026-03-25T15:06:11.910-07:00" time="0.007">
        </testcase>
    </testsuite>
    <testsuite name="spectral-init::test_adversarial_graphs" tests="21" disabled="0" errors="0" failures="0">
        <testcase name="large_ring_laplacian_shape_and_nnz" classname="spectral-init::test_adversarial_graphs" timestamp="2026-03-25T15:06:11.914-07:00" time="0.004">
        </testcase>
        <testcase name="large_ring_laplacian_diagonal_is_one" classname="spectral-init::test_adversarial_graphs" timestamp="2026-03-25T15:06:11.913-07:00" time="0.006">
        </testcase>
        <testcase name="large_epsilon_bridge_laplacian_shape_and_symmetry" classname="spectral-init::test_adversarial_graphs" timestamp="2026-03-25T15:06:11.913-07:00" time="0.008">
        </testcase>
        <testcase name="test_level_0_dense_evd_for_small_n" classname="spectral-init::test_adversarial_graphs" timestamp="2026-03-25T15:06:11.921-07:00" time="0.015">
        </testcase>
        <testcase name="test_complete_bipartite_valid_embedding" classname="spectral-init::test_adversarial_graphs" timestamp="2026-03-25T15:06:11.914-07:00" time="0.022">
        </testcase>
        <testcase name="test_barbell_separates_communities" classname="spectral-init::test_adversarial_graphs" timestamp="2026-03-25T15:06:11.914-07:00" time="0.024">
        </testcase>
        <testcase name="test_barbell_valid_embedding" classname="spectral-init::test_adversarial_graphs" timestamp="2026-03-25T15:06:11.914-07:00" time="0.025">
        </testcase>
        <testcase name="test_complete_bipartite_coordinate_stability" classname="spectral-init::test_adversarial_graphs" timestamp="2026-03-25T15:06:11.914-07:00" time="0.029">
        </testcase>
        <testcase name="test_complete_k20_valid_embedding" classname="spectral-init::test_adversarial_graphs" timestamp="2026-03-25T15:06:11.917-07:00" time="0.027">
        </testcase>
        <testcase name="test_epsilon_bridge_valid_embedding" classname="spectral-init::test_adversarial_graphs" timestamp="2026-03-25T15:06:11.919-07:00" time="0.033">
        </testcase>
        <testcase name="test_epsilon_bridge_separates_communities" classname="spectral-init::test_adversarial_graphs" timestamp="2026-03-25T15:06:11.918-07:00" time="0.035">
        </testcase>
        <testcase name="test_single_edge_returns_too_few_nodes" classname="spectral-init::test_adversarial_graphs" timestamp="2026-03-25T15:06:11.943-07:00" time="0.010">
        </testcase>
        <testcase name="test_lollipop_valid_embedding" classname="spectral-init::test_adversarial_graphs" timestamp="2026-03-25T15:06:11.938-07:00" time="0.026">
        </testcase>
        <testcase name="test_star_valid_embedding" classname="spectral-init::test_adversarial_graphs" timestamp="2026-03-25T15:06:11.953-07:00" time="0.026">
        </testcase>
        <testcase name="test_star_coordinate_stability" classname="spectral-init::test_adversarial_graphs" timestamp="2026-03-25T15:06:11.951-07:00" time="0.028">
        </testcase>
        <testcase name="test_ring_valid_embedding" classname="spectral-init::test_adversarial_graphs" timestamp="2026-03-25T15:06:11.943-07:00" time="0.156">
        </testcase>
        <testcase name="test_path_valid_embedding" classname="spectral-init::test_adversarial_graphs" timestamp="2026-03-25T15:06:11.939-07:00" time="0.173">
        </testcase>
        <testcase name="test_weighted_exponential_valid_embedding" classname="spectral-init::test_adversarial_graphs" timestamp="2026-03-25T15:06:11.954-07:00" time="0.178">
        </testcase>
        <testcase name="test_level_1_lobpcg_for_large_well_conditioned_n" classname="spectral-init::test_adversarial_graphs" timestamp="2026-03-25T15:06:11.924-07:00" time="17.510">
        </testcase>
        <testcase name="test_level_2_regularized_lobpcg_produces_valid_result" classname="spectral-init::test_adversarial_graphs" timestamp="2026-03-25T15:06:11.937-07:00" time="38.404">
        </testcase>
        <testcase name="test_level_3_rsvd_valid_on_large_path" classname="spectral-init::test_adversarial_graphs" timestamp="2026-03-25T15:06:11.937-07:00" time="257.825">
        </testcase>
    </testsuite>
    <testsuite name="spectral-init::test_comp_a_degrees" tests="18" disabled="0" errors="0" failures="0">
        <testcase name="comp_a_degrees_matches_python_blobs_50" classname="spectral-init::test_comp_a_degrees" timestamp="2026-03-25T15:06:11.955-07:00" time="0.009">
        </testcase>
        <testcase name="comp_a_degrees_matches_python_blobs_500" classname="spectral-init::test_comp_a_degrees" timestamp="2026-03-25T15:06:11.957-07:00" time="0.009">
        </testcase>
        <testcase name="comp_a_degrees_matches_python_blobs_connected_200" classname="spectral-init::test_comp_a_degrees" timestamp="2026-03-25T15:06:11.964-07:00" time="0.012">
        </testcase>
        <testcase name="comp_a_degrees_matches_python_moons_200" classname="spectral-init::test_comp_a_degrees" timestamp="2026-03-25T15:06:11.980-07:00" time="0.007">
        </testcase>
        <testcase name="comp_a_degrees_matches_python_blobs_connected_2000" classname="spectral-init::test_comp_a_degrees" timestamp="2026-03-25T15:06:11.966-07:00" time="0.021">
        </testcase>
        <testcase name="comp_a_degrees_matches_python_disconnected_200" classname="spectral-init::test_comp_a_degrees" timestamp="2026-03-25T15:06:11.979-07:00" time="0.010">
        </testcase>
        <testcase name="comp_a_degrees_matches_python_circles_300" classname="spectral-init::test_comp_a_degrees" timestamp="2026-03-25T15:06:11.976-07:00" time="0.014">
        </testcase>
        <testcase name="comp_a_degrees_rust_native_blobs_50" classname="spectral-init::test_comp_a_degrees" timestamp="2026-03-25T15:06:11.987-07:00" time="0.006">
        </testcase>
        <testcase name="comp_a_degrees_matches_python_near_dupes_100" classname="spectral-init::test_comp_a_degrees" timestamp="2026-03-25T15:06:11.985-07:00" time="0.008">
        </testcase>
        <testcase name="comp_a_degrees_rust_native_blobs_500" classname="spectral-init::test_comp_a_degrees" timestamp="2026-03-25T15:06:11.987-07:00" time="0.013">
        </testcase>
        <testcase name="comp_a_degrees_rust_native_circles_300" classname="spectral-init::test_comp_a_degrees" timestamp="2026-03-25T15:06:11.993-07:00" time="0.007">
        </testcase>
        <testcase name="comp_a_degrees_rust_native_blobs_connected_200" classname="spectral-init::test_comp_a_degrees" timestamp="2026-03-25T15:06:11.990-07:00" time="0.012">
        </testcase>
        <testcase name="comp_a_degrees_matches_python_blobs_5000" classname="spectral-init::test_comp_a_degrees" timestamp="2026-03-25T15:06:11.964-07:00" time="0.041">
        </testcase>
        <testcase name="comp_a_degrees_rust_native_near_dupes_100" classname="spectral-init::test_comp_a_degrees" timestamp="2026-03-25T15:06:12.002-07:00" time="0.010">
        </testcase>
        <testcase name="comp_a_degrees_rust_native_blobs_connected_2000" classname="spectral-init::test_comp_a_degrees" timestamp="2026-03-25T15:06:11.993-07:00" time="0.023">
        </testcase>
        <testcase name="comp_a_degrees_rust_native_moons_200" classname="spectral-init::test_comp_a_degrees" timestamp="2026-03-25T15:06:12.001-07:00" time="0.015">
        </testcase>
        <testcase name="comp_a_degrees_rust_native_disconnected_200" classname="spectral-init::test_comp_a_degrees" timestamp="2026-03-25T15:06:12.000-07:00" time="0.017">
        </testcase>
        <testcase name="comp_a_degrees_rust_native_blobs_5000" classname="spectral-init::test_comp_a_degrees" timestamp="2026-03-25T15:06:11.989-07:00" time="0.038">
        </testcase>
    </testsuite>
    <testsuite name="spectral-init::test_comp_b_laplacian" tests="9" disabled="0" errors="0" failures="0">
        <testcase name="comp_b_laplacian_matches_python_blobs_50" classname="spectral-init::test_comp_b_laplacian" timestamp="2026-03-25T15:06:12.005-07:00" time="0.019">
        </testcase>
        <testcase name="comp_b_laplacian_matches_python_blobs_connected_200" classname="spectral-init::test_comp_b_laplacian" timestamp="2026-03-25T15:06:12.016-07:00" time="0.020">
        </testcase>
        <testcase name="comp_b_laplacian_matches_python_blobs_500" classname="spectral-init::test_comp_b_laplacian" timestamp="2026-03-25T15:06:12.012-07:00" time="0.025">
        </testcase>
        <testcase name="comp_b_laplacian_matches_python_disconnected_200" classname="spectral-init::test_comp_b_laplacian" timestamp="2026-03-25T15:06:12.027-07:00" time="0.017">
        </testcase>
        <testcase name="comp_b_laplacian_matches_python_near_dupes_100" classname="spectral-init::test_comp_b_laplacian" timestamp="2026-03-25T15:06:12.038-07:00" time="0.014">
        </testcase>
        <testcase name="comp_b_laplacian_matches_python_moons_200" classname="spectral-init::test_comp_b_laplacian" timestamp="2026-03-25T15:06:12.036-07:00" time="0.019">
        </testcase>
        <testcase name="comp_b_laplacian_matches_python_circles_300" classname="spectral-init::test_comp_b_laplacian" timestamp="2026-03-25T15:06:12.024-07:00" time="0.032">
        </testcase>
        <testcase name="comp_b_laplacian_matches_python_blobs_connected_2000" classname="spectral-init::test_comp_b_laplacian" timestamp="2026-03-25T15:06:12.017-07:00" time="0.097">
        </testcase>
        <testcase name="comp_b_laplacian_matches_python_blobs_5000" classname="spectral-init::test_comp_b_laplacian" timestamp="2026-03-25T15:06:12.016-07:00" time="0.217">
        </testcase>
    </testsuite>
    <testsuite name="spectral-init::test_comp_d_dense_evd" tests="5" disabled="0" errors="0" failures="0">
        <testcase name="comp_d_dense_evd_near_dupes_100" classname="spectral-init::test_comp_d_dense_evd" timestamp="2026-03-25T15:06:12.099-07:00" time="0.162">
        </testcase>
        <testcase name="comp_d_dense_evd_moons_200" classname="spectral-init::test_comp_d_dense_evd" timestamp="2026-03-25T15:06:12.056-07:00" time="0.813">
        </testcase>
        <testcase name="comp_d_dense_evd_blobs_connected_200" classname="spectral-init::test_comp_d_dense_evd" timestamp="2026-03-25T15:06:12.044-07:00" time="0.901">
        </testcase>
        <testcase name="comp_d_dense_evd_circles_300" classname="spectral-init::test_comp_d_dense_evd" timestamp="2026-03-25T15:06:12.056-07:00" time="2.241">
        </testcase>
        <testcase name="comp_d_dense_evd_blobs_connected_2000" classname="spectral-init::test_comp_d_dense_evd" timestamp="2026-03-25T15:06:12.052-07:00" time="95.830">
        </testcase>
    </testsuite>
    <testsuite name="spectral-init::test_comp_e_selection" tests="6" disabled="0" errors="0" failures="0">
        <testcase name="comp_e_selection_matches_python_blobs_connected_200" classname="spectral-init::test_comp_e_selection" timestamp="2026-03-25T15:06:12.945-07:00" time="0.033">
        </testcase>
        <testcase name="comp_e_selection_matches_python_blobs_connected_2000" classname="spectral-init::test_comp_e_selection" timestamp="2026-03-25T15:06:12.978-07:00" time="0.015">
        </testcase>
        <testcase name="comp_e_selection_matches_python_circles_300" classname="spectral-init::test_comp_e_selection" timestamp="2026-03-25T15:06:12.994-07:00" time="0.058">
        </testcase>
        <testcase name="comp_e_selection_matches_python_disconnected_200" classname="spectral-init::test_comp_e_selection" timestamp="2026-03-25T15:06:13.052-07:00" time="0.032">
        </testcase>
        <testcase name="comp_e_selection_matches_python_moons_200" classname="spectral-init::test_comp_e_selection" timestamp="2026-03-25T15:06:13.084-07:00" time="0.031">
        </testcase>
        <testcase name="comp_e_selection_matches_python_near_dupes_100" classname="spectral-init::test_comp_e_selection" timestamp="2026-03-25T15:06:13.115-07:00" time="0.016">
        </testcase>
    </testsuite>
    <testsuite name="spectral-init::test_comp_f_lobpcg" tests="11" disabled="0" errors="0" failures="0">
        <testcase name="lobpcg_blobs_2000_residual_below_1e5_with_chebyshev" classname="spectral-init::test_comp_f_lobpcg" timestamp="2026-03-25T15:06:13.131-07:00" time="5.060">
        </testcase>
        <testcase name="lobpcg_blobs_connected_200_eigenvalues" classname="spectral-init::test_comp_f_lobpcg" timestamp="2026-03-25T15:06:18.578-07:00" time="0.802">
        </testcase>
        <testcase name="lobpcg_blobs_connected_200_level2" classname="spectral-init::test_comp_f_lobpcg" timestamp="2026-03-25T15:06:19.380-07:00" time="0.427">
        </testcase>
        <testcase name="lobpcg_blobs_connected_2000_eigenvalues" classname="spectral-init::test_comp_f_lobpcg" timestamp="2026-03-25T15:06:14.297-07:00" time="6.508">
        </testcase>
        <testcase name="lobpcg_circles_300_eigenvalues" classname="spectral-init::test_comp_f_lobpcg" timestamp="2026-03-25T15:06:19.807-07:00" time="2.637">
        </testcase>
        <testcase name="lobpcg_circles_300_level2" classname="spectral-init::test_comp_f_lobpcg" timestamp="2026-03-25T15:06:20.805-07:00" time="2.202">
        </testcase>
        <testcase name="lobpcg_moons_200_eigenvalues" classname="spectral-init::test_comp_f_lobpcg" timestamp="2026-03-25T15:06:22.445-07:00" time="1.373">
        </testcase>
        <testcase name="lobpcg_near_dupes_100_eigenvalues" classname="spectral-init::test_comp_f_lobpcg" timestamp="2026-03-25T15:06:23.818-07:00" time="0.414">
        </testcase>
        <testcase name="lobpcg_moons_200_level2" classname="spectral-init::test_comp_f_lobpcg" timestamp="2026-03-25T15:06:23.008-07:00" time="1.394">
        </testcase>
        <testcase name="lobpcg_near_dupes_100_level2" classname="spectral-init::test_comp_f_lobpcg" timestamp="2026-03-25T15:06:24.232-07:00" time="0.455">
        </testcase>
        <testcase name="lobpcg_blobs_connected_2000_level2" classname="spectral-init::test_comp_f_lobpcg" timestamp="2026-03-25T15:06:18.191-07:00" time="7.107">
        </testcase>
    </testsuite>
    <testsuite name="spectral-init::test_comp_g_sinv" tests="18" disabled="0" errors="0" failures="0">
        <testcase name="sinv_eigenvalue_accuracy_blobs_50" classname="spectral-init::test_comp_g_sinv" timestamp="2026-03-25T15:06:24.401-07:00" time="0.064">
        </testcase>
        <testcase name="sinv_eigenvalue_accuracy_blobs_500" classname="spectral-init::test_comp_g_sinv" timestamp="2026-03-25T15:06:24.465-07:00" time="0.016">
        </testcase>
        <testcase name="sinv_eigenvalue_accuracy_blobs_5000" classname="spectral-init::test_comp_g_sinv" timestamp="2026-03-25T15:06:24.481-07:00" time="0.045">
        </testcase>
        <testcase name="sinv_eigenvalue_accuracy_blobs_connected_200" classname="spectral-init::test_comp_g_sinv" timestamp="2026-03-25T15:06:24.526-07:00" time="0.118">
        </testcase>
        <testcase name="sinv_eigenvalue_accuracy_circles_300" classname="spectral-init::test_comp_g_sinv" timestamp="2026-03-25T15:06:24.692-07:00" time="0.412">
        </testcase>
        <testcase name="sinv_eigenvalue_accuracy_disconnected_200" classname="spectral-init::test_comp_g_sinv" timestamp="2026-03-25T15:06:25.104-07:00" time="0.020">
        </testcase>
        <testcase name="sinv_eigenvalue_accuracy_moons_200" classname="spectral-init::test_comp_g_sinv" timestamp="2026-03-25T15:06:25.124-07:00" time="0.196">
        </testcase>
        <testcase name="sinv_residual_quality_blobs_50" classname="spectral-init::test_comp_g_sinv" timestamp="2026-03-25T15:06:25.321-07:00" time="0.012">
        </testcase>
        <testcase name="sinv_residual_quality_blobs_500" classname="spectral-init::test_comp_g_sinv" timestamp="2026-03-25T15:06:25.333-07:00" time="0.035">
        </testcase>
        <testcase name="sinv_residual_quality_blobs_5000" classname="spectral-init::test_comp_g_sinv" timestamp="2026-03-25T15:06:25.368-07:00" time="0.041">
        </testcase>
        <testcase name="sinv_eigenvalue_accuracy_near_dupes_100" classname="spectral-init::test_comp_g_sinv" timestamp="2026-03-25T15:06:25.298-07:00" time="0.129">
        </testcase>
        <testcase name="sinv_residual_quality_blobs_connected_200" classname="spectral-init::test_comp_g_sinv" timestamp="2026-03-25T15:06:25.409-07:00" time="0.248">
        </testcase>
        <testcase name="sinv_residual_quality_circles_300" classname="spectral-init::test_comp_g_sinv" timestamp="2026-03-25T15:06:25.657-07:00" time="0.425">
        </testcase>
        <testcase name="sinv_residual_quality_disconnected_200" classname="spectral-init::test_comp_g_sinv" timestamp="2026-03-25T15:06:26.082-07:00" time="0.019">
        </testcase>
        <testcase name="sinv_residual_quality_moons_200" classname="spectral-init::test_comp_g_sinv" timestamp="2026-03-25T15:06:26.101-07:00" time="0.313">
        </testcase>
        <testcase name="sinv_residual_quality_near_dupes_100" classname="spectral-init::test_comp_g_sinv" timestamp="2026-03-25T15:06:26.414-07:00" time="0.192">
        </testcase>
        <testcase name="sinv_residual_quality_blobs_connected_2000" classname="spectral-init::test_comp_g_sinv" timestamp="2026-03-25T15:06:25.427-07:00" time="17.150">
        </testcase>
        <testcase name="sinv_eigenvalue_accuracy_blobs_connected_2000" classname="spectral-init::test_comp_g_sinv" timestamp="2026-03-25T15:06:24.644-07:00" time="20.179">
        </testcase>
    </testsuite>
    <testsuite name="spectral-init::test_e2e_validation" tests="14" disabled="0" errors="0" failures="0">
        <testcase name="test_e2e_disconnected_200_component_separation" classname="spectral-init::test_e2e_validation" timestamp="2026-03-25T15:06:26.607-07:00" time="0.235">
        </testcase>
        <testcase name="test_e2e_exact_knn_blobs_50" classname="spectral-init::test_e2e_validation" timestamp="2026-03-25T15:06:26.842-07:00" time="0.059">
        </testcase>
        <testcase name="test_e2e_exact_knn_blobs_connected_200" classname="spectral-init::test_e2e_validation" timestamp="2026-03-25T15:06:26.901-07:00" time="1.297">
        </testcase>
        <testcase name="test_e2e_exact_knn_circles_300" classname="spectral-init::test_e2e_validation" timestamp="2026-03-25T15:06:28.198-07:00" time="2.417">
        </testcase>
        <testcase name="test_e2e_exact_knn_moons_200" classname="spectral-init::test_e2e_validation" timestamp="2026-03-25T15:06:29.435-07:00" time="1.319">
        </testcase>
        <testcase name="test_e2e_exact_knn_near_dupes_100" classname="spectral-init::test_e2e_validation" timestamp="2026-03-25T15:06:30.565-07:00" time="0.670">
        </testcase>
        <testcase name="test_e2e_residual_quality_blobs_connected_200" classname="spectral-init::test_e2e_validation" timestamp="2026-03-25T15:06:30.753-07:00" time="1.568">
        </testcase>
        <testcase name="test_e2e_residual_quality_moons_200" classname="spectral-init::test_e2e_validation" timestamp="2026-03-25T15:06:32.322-07:00" time="1.458">
        </testcase>
        <testcase name="test_e2e_residual_quality_circles_300" classname="spectral-init::test_e2e_validation" timestamp="2026-03-25T15:06:31.235-07:00" time="2.568">
        </testcase>
        <testcase name="test_e2e_residual_quality_near_dupes_100" classname="spectral-init::test_e2e_validation" timestamp="2026-03-25T15:06:33.780-07:00" time="0.389">
        </testcase>
        <testcase name="test_e2e_subspace_near_dupes_100" classname="spectral-init::test_e2e_validation" timestamp="2026-03-25T15:06:34.169-07:00" time="0.471">
        </testcase>
        <testcase name="test_e2e_subspace_circles_300" classname="spectral-init::test_e2e_validation" timestamp="2026-03-25T15:06:33.844-07:00" time="2.624">
        </testcase>
        <testcase name="test_e2e_residual_quality_blobs_connected_2000" classname="spectral-init::test_e2e_validation" timestamp="2026-03-25T15:06:30.905-07:00" time="5.867">
        </testcase>
        <testcase name="test_e2e_performance_blobs_5000" classname="spectral-init::test_e2e_validation" timestamp="2026-03-25T15:06:30.620-07:00" time="91.911">
        </testcase>
    </testsuite>
    <testsuite name="spectral-init::test_pipeline" tests="6" disabled="0" errors="0" failures="0">
        <testcase name="spectral_init_fully_connected_uniform" classname="spectral-init::test_pipeline" timestamp="2026-03-25T15:06:34.641-07:00" time="0.016">
        </testcase>
        <testcase name="spectral_init_single_point" classname="spectral-init::test_pipeline" timestamp="2026-03-25T15:06:34.657-07:00" time="0.046">
        </testcase>
        <testcase name="spectral_init_synthetic_disconnected_preserves_component_structure" classname="spectral-init::test_pipeline" timestamp="2026-03-25T15:06:34.703-07:00" time="0.024">
        </testcase>
        <testcase name="spectral_init_synthetic_disconnected_produces_valid_embedding" classname="spectral-init::test_pipeline" timestamp="2026-03-25T15:06:34.726-07:00" time="0.042">
        </testcase>
        <testcase name="spectral_init_ten_component_graph" classname="spectral-init::test_pipeline" timestamp="2026-03-25T15:06:34.769-07:00" time="0.051">
        </testcase>
        <testcase name="spectral_init_two_points_connected" classname="spectral-init::test_pipeline" timestamp="2026-03-25T15:06:34.819-07:00" time="0.009">
        </testcase>
    </testsuite>
    <testsuite name="spectral-init::test_warm_restart_benefit" tests="6" disabled="0" errors="0" failures="0">
        <testcase name="test_ring_2000_warm_restart_converges" classname="spectral-init::test_warm_restart_benefit" timestamp="2026-03-25T15:06:43.132-07:00" time="0.029">
        </testcase>
        <testcase name="test_ring_2000_warm_restart" classname="spectral-init::test_warm_restart_benefit" timestamp="2026-03-25T15:06:40.885-07:00" time="224.407">
        </testcase>
        <testcase name="test_ring_3000_warm_restart" classname="spectral-init::test_warm_restart_benefit" timestamp="2026-03-25T15:06:43.161-07:00" time="329.233">
        </testcase>
        <testcase name="test_epsilon_bridge_sweep" classname="spectral-init::test_warm_restart_benefit" timestamp="2026-03-25T15:06:34.828-07:00" time="472.603">
        </testcase>
        <testcase name="test_path_2000_warm_restart" classname="spectral-init::test_warm_restart_benefit" timestamp="2026-03-25T15:06:36.469-07:00" time="517.595">
        </testcase>
        <testcase name="test_path_3000_warm_restart" classname="spectral-init::test_warm_restart_benefit" timestamp="2026-03-25T15:06:36.772-07:00" time="627.795">
        </testcase>
    </testsuite>
    <testsuite name="spectral-init::test_comp_d_rsvd" tests="6" disabled="0" errors="0" failures="0">
        <testcase name="comp_d_rsvd_near_dupes_100" classname="spectral-init::test_comp_d_rsvd" timestamp="2026-03-25T15:06:12.869-07:00" time="37.064">
        </testcase>
        <testcase name="comp_d_rsvd_moons_200" classname="spectral-init::test_comp_d_rsvd" timestamp="2026-03-25T15:06:12.261-07:00" time="85.844">
        </testcase>
        <testcase name="comp_d_rsvd_blobs_connected_200" classname="spectral-init::test_comp_d_rsvd" timestamp="2026-03-25T15:06:12.114-07:00" time="86.798">
        </testcase>
        <testcase name="comp_d_rsvd_circles_300" classname="spectral-init::test_comp_d_rsvd" timestamp="2026-03-25T15:06:12.233-07:00" time="113.322">
        </testcase>
        <testcase name="comp_d_rsvd_blobs_500" classname="spectral-init::test_comp_d_rsvd" timestamp="2026-03-25T15:06:12.112-07:00" time="116.876">
        </testcase>
        <testcase name="comp_d_rsvd_blobs_connected_2000" classname="spectral-init::test_comp_d_rsvd" timestamp="2026-03-25T15:06:12.132-07:00" time="265.698">
        </testcase>
    </testsuite>
    <testsuite name="spectral-init::test_accuracy_report" tests="1" disabled="0" errors="0" failures="0">
        <testcase name="generate_accuracy_report" classname="spectral-init::test_accuracy_report" timestamp="2026-03-25T15:06:11.912-07:00" time="215.330">
        </testcase>
    </testsuite>
</testsuites>
