<?xml version="1.0" encoding="UTF-8"?>
<testsuites name="spectral-init-tests" tests="207" failures="5" errors="0" uuid="f117d1a9-a56a-47f2-93e2-390eb3abc365" timestamp="2026-03-25T15:16:32.582-07:00" time="659.139">
    <testsuite name="spectral-init" tests="85" disabled="0" errors="0" failures="2">
        <testcase name="components::tests::test_single_node_no_edges" classname="spectral-init" timestamp="2026-03-25T15:16:32.583-07:00" time="0.004">
        </testcase>
        <testcase name="components::tests::test_three_isolated_nodes" classname="spectral-init" timestamp="2026-03-25T15:16:32.583-07:00" time="0.004">
        </testcase>
        <testcase name="components::tests::test_two_components_four_nodes" classname="spectral-init" timestamp="2026-03-25T15:16:32.583-07:00" time="0.004">
        </testcase>
        <testcase name="config_tests::default_config_is_python_compat" classname="spectral-init" timestamp="2026-03-25T15:16:32.583-07:00" time="0.004">
        </testcase>
        <testcase name="components::tests::test_two_connected_nodes" classname="spectral-init" timestamp="2026-03-25T15:16:32.583-07:00" time="0.004">
        </testcase>
        <testcase name="config_tests::compute_mode_copy_clone_eq" classname="spectral-init" timestamp="2026-03-25T15:16:32.583-07:00" time="0.004">
        </testcase>
        <testcase name="laplacian::tests::build_laplacian_two_node_complete_graph" classname="spectral-init" timestamp="2026-03-25T15:16:32.583-07:00" time="0.004">
        </testcase>
        <testcase name="laplacian::tests::build_laplacian_symmetry" classname="spectral-init" timestamp="2026-03-25T15:16:32.583-07:00" time="0.005">
        </testcase>
        <testcase name="config_tests::compute_mode_rust_native_neq_python_compat" classname="spectral-init" timestamp="2026-03-25T15:16:32.583-07:00" time="0.007">
        </testcase>
        <testcase name="config_tests::compute_mode_variants_exhaustive" classname="spectral-init" timestamp="2026-03-25T15:16:32.583-07:00" time="0.006">
        </testcase>
        <testcase name="components::tests::test_empty_graph" classname="spectral-init" timestamp="2026-03-25T15:16:32.583-07:00" time="0.007">
        </testcase>
        <testcase name="components::tests::test_two_isolated_nodes" classname="spectral-init" timestamp="2026-03-25T15:16:32.583-07:00" time="0.006">
        </testcase>
        <testcase name="components::tests::test_path_graph_3" classname="spectral-init" timestamp="2026-03-25T15:16:32.583-07:00" time="0.006">
        </testcase>
        <testcase name="laplacian::tests::build_laplacian_isolated_node" classname="spectral-init" timestamp="2026-03-25T15:16:32.583-07:00" time="0.006">
        </testcase>
        <testcase name="config_tests::spectral_init_with_default_config_compiles_and_runs" classname="spectral-init" timestamp="2026-03-25T15:16:32.583-07:00" time="0.007">
        </testcase>
        <testcase name="laplacian::tests::compute_degrees_rust_native_uses_f64_row_sum" classname="spectral-init" timestamp="2026-03-25T15:16:32.587-07:00" time="0.004">
        </testcase>
        <testcase name="laplacian::tests::compute_degrees_python_compat_matches_column_sum" classname="spectral-init" timestamp="2026-03-25T15:16:32.587-07:00" time="0.004">
        </testcase>
        <testcase name="laplacian::tests::build_laplacian_weighted_edge" classname="spectral-init" timestamp="2026-03-25T15:16:32.587-07:00" time="0.005">
        </testcase>
        <testcase name="multi_component::tests::test_embed_disconnected_two_pairs_shape_and_finite" classname="spectral-init" timestamp="2026-03-25T15:16:32.587-07:00" time="0.004">
        </testcase>
        <testcase name="config_tests::python_compat_and_rust_native_same_subspace" classname="spectral-init" timestamp="2026-03-25T15:16:32.583-07:00" time="0.009">
        </testcase>
        <testcase name="laplacian::tests::compute_degrees_zero_degree_node" classname="spectral-init" timestamp="2026-03-25T15:16:32.587-07:00" time="0.005">
        </testcase>
        <testcase name="multi_component::tests::test_extract_subgraph_single_node" classname="spectral-init" timestamp="2026-03-25T15:16:32.587-07:00" time="0.005">
        </testcase>
        <testcase name="operator::tests::test_csr_operator_residual_diagonal" classname="spectral-init" timestamp="2026-03-25T15:16:32.589-07:00" time="0.005">
        </testcase>
        <testcase name="multi_component::tests::test_orthogonal_meta_embedding_1_comp_3_dim" classname="spectral-init" timestamp="2026-03-25T15:16:32.589-07:00" time="0.005">
        </testcase>
        <testcase name="multi_component::tests::test_extract_subgraph_two_components" classname="spectral-init" timestamp="2026-03-25T15:16:32.589-07:00" time="0.005">
        </testcase>
        <testcase name="multi_component::tests::test_embed_disconnected_tiny_components_placed_at_meta_pos" classname="spectral-init" timestamp="2026-03-25T15:16:32.587-07:00" time="0.008">
            <failure message="thread &apos;multi_component::tests::test_embed_disconnected_tiny_components_placed_at_meta_pos&apos; (3005411) panicked at src/multi_component.rs:450:9" type="test failure with exit code 101">thread &apos;multi_component::tests::test_embed_disconnected_tiny_components_placed_at_meta_pos&apos; (3005411) panicked at src/multi_component.rs:450:9:
node 1 y: expected 1.0, got 0
note: run with `RUST_BACKTRACE=1` environment variable to display a backtrace</failure>
            <system-out>
running 1 test
test multi_component::tests::test_embed_disconnected_tiny_components_placed_at_meta_pos ... FAILED

failures:

failures:
    multi_component::tests::test_embed_disconnected_tiny_components_placed_at_meta_pos

test result: FAILED. 0 passed; 1 failed; 0 ignored; 0 measured; 99 filtered out; finished in 0.00s

</system-out>
            <system-err>
thread &apos;multi_component::tests::test_embed_disconnected_tiny_components_placed_at_meta_pos&apos; (3005411) panicked at src/multi_component.rs:450:9:
node 1 y: expected 1.0, got 0
note: run with `RUST_BACKTRACE=1` environment variable to display a backtrace
</system-err>
        </testcase>
        <testcase name="multi_component::tests::test_orthogonal_meta_embedding_4_comp_2_dim" classname="spectral-init" timestamp="2026-03-25T15:16:32.589-07:00" time="0.006">
        </testcase>
        <testcase name="multi_component::tests::test_orthogonal_meta_embedding_2_comp_2_dim" classname="spectral-init" timestamp="2026-03-25T15:16:32.589-07:00" time="0.006">
        </testcase>
        <testcase name="operator::tests::test_csr_operator_single_vector" classname="spectral-init" timestamp="2026-03-25T15:16:32.590-07:00" time="0.005">
        </testcase>
        <testcase name="operator::tests::test_spmv_identity_matrix" classname="spectral-init" timestamp="2026-03-25T15:16:32.591-07:00" time="0.005">
        </testcase>
        <testcase name="operator::tests::test_spmv_matches_dense_reference" classname="spectral-init" timestamp="2026-03-25T15:16:32.592-07:00" time="0.004">
        </testcase>
        <testcase name="selection::tests::selects_single_nontrivial_eigenvector" classname="spectral-init" timestamp="2026-03-25T15:16:32.592-07:00" time="0.004">
        </testcase>
        <testcase name="operator::tests::test_spmv_matches_csr_operator_single_vector" classname="spectral-init" timestamp="2026-03-25T15:16:32.592-07:00" time="0.005">
        </testcase>
        <testcase name="selection::tests::sorts_before_skipping_trivial" classname="spectral-init" timestamp="2026-03-25T15:16:32.592-07:00" time="0.004">
        </testcase>
        <testcase name="selection::tests::selects_correct_columns_sorted_input" classname="spectral-init" timestamp="2026-03-25T15:16:32.592-07:00" time="0.005">
        </testcase>
        <testcase name="operator::tests::test_csr_operator_block_matches_sequential" classname="spectral-init" timestamp="2026-03-25T15:16:32.589-07:00" time="0.008">
        </testcase>
        <testcase name="multi_component::tests::test_embed_disconnected_intracomp_lt_intercomp" classname="spectral-init" timestamp="2026-03-25T15:16:32.587-07:00" time="0.012">
            <failure message="thread &apos;multi_component::tests::test_embed_disconnected_intracomp_lt_intercomp&apos; (3005423) panicked at src/multi_component.rs:493:9" type="test failure with exit code 101">thread &apos;multi_component::tests::test_embed_disconnected_intracomp_lt_intercomp&apos; (3005423) panicked at src/multi_component.rs:493:9:
min centroid-to-centroid dist 0 should be &gt; max intra-comp spread 0.7071067811865478
note: run with `RUST_BACKTRACE=1` environment variable to display a backtrace</failure>
            <system-out>
running 1 test
test multi_component::tests::test_embed_disconnected_intracomp_lt_intercomp ... FAILED

failures:

failures:
    multi_component::tests::test_embed_disconnected_intracomp_lt_intercomp

test result: FAILED. 0 passed; 1 failed; 0 ignored; 0 measured; 99 filtered out; finished in 0.00s

</system-out>
            <system-err>
thread &apos;multi_component::tests::test_embed_disconnected_intracomp_lt_intercomp&apos; (3005423) panicked at src/multi_component.rs:493:9:
min centroid-to-centroid dist 0 should be &gt; max intra-comp spread 0.7071067811865478
note: run with `RUST_BACKTRACE=1` environment variable to display a backtrace
</system-err>
        </testcase>
        <testcase name="solvers::dense::tests::dense_evd_trivial_2x2" classname="spectral-init" timestamp="2026-03-25T15:16:32.594-07:00" time="0.005">
        </testcase>
        <testcase name="solvers::lobpcg::tests::chebyshev_precond_filters_high_eigenvalues" classname="spectral-init" timestamp="2026-03-25T15:16:32.596-07:00" time="0.004">
        </testcase>
        <testcase name="operator::tests::test_spmv_diagonal_matrix" classname="spectral-init" timestamp="2026-03-25T15:16:32.591-07:00" time="0.009">
        </testcase>
        <testcase name="solvers::dense::tests::dense_evd_k_greater_than_n_returns_error" classname="spectral-init" timestamp="2026-03-25T15:16:32.594-07:00" time="0.006">
        </testcase>
        <testcase name="solvers::lobpcg::tests::lobpcg_accept_tol_is_1e5" classname="spectral-init" timestamp="2026-03-25T15:16:32.596-07:00" time="0.004">
        </testcase>
        <testcase name="solvers::lobpcg::tests::chebyshev_precond_degree1_matches_formula" classname="spectral-init" timestamp="2026-03-25T15:16:32.596-07:00" time="0.004">
        </testcase>
        <testcase name="solvers::dense::tests::dense_evd_identity_3x3" classname="spectral-init" timestamp="2026-03-25T15:16:32.594-07:00" time="0.006">
        </testcase>
        <testcase name="solvers::dense::tests::dense_evd_truncation_k_less_than_n" classname="spectral-init" timestamp="2026-03-25T15:16:32.595-07:00" time="0.005">
        </testcase>
        <testcase name="solvers::lobpcg::tests::lobpcg_solve_level2_eigenvalues_corrected" classname="spectral-init" timestamp="2026-03-25T15:16:32.596-07:00" time="0.008">
        </testcase>
        <testcase name="solvers::lobpcg::tests::lobpcg_solve_eigenvectors_orthonormal" classname="spectral-init" timestamp="2026-03-25T15:16:32.596-07:00" time="0.009">
        </testcase>
        <testcase name="solvers::lobpcg::tests::per_vector_residuals_exact_near_zero" classname="spectral-init" timestamp="2026-03-25T15:16:32.600-07:00" time="0.005">
        </testcase>
        <testcase name="solvers::lobpcg::tests::per_vector_residuals_non_eigenvector_large" classname="spectral-init" timestamp="2026-03-25T15:16:32.600-07:00" time="0.005">
        </testcase>
        <testcase name="solvers::rsvd::tests::test_two_i_minus_laplacian_path_3" classname="spectral-init" timestamp="2026-03-25T15:16:32.601-07:00" time="0.005">
        </testcase>
        <testcase name="solvers::lobpcg::tests::lobpcg_solve_restart_count_zero_on_easy_convergence" classname="spectral-init" timestamp="2026-03-25T15:16:32.597-07:00" time="0.009">
        </testcase>
        <testcase name="solvers::lobpcg::tests::lobpcg_solve_diagonal_level1" classname="spectral-init" timestamp="2026-03-25T15:16:32.597-07:00" time="0.012">
        </testcase>
        <testcase name="solvers::lobpcg::tests::rayleigh_ritz_refine_rotated_basis_recovers_eigenvalues" classname="spectral-init" timestamp="2026-03-25T15:16:32.600-07:00" time="0.010">
        </testcase>
        <testcase name="solvers::sinv::tests::eigenvalue_recovery_formula_exact" classname="spectral-init" timestamp="2026-03-25T15:16:32.604-07:00" time="0.006">
        </testcase>
        <testcase name="solvers::sinv::tests::sprs_csc_to_faer_identity_roundtrip" classname="spectral-init" timestamp="2026-03-25T15:16:32.605-07:00" time="0.005">
        </testcase>
        <testcase name="solvers::lobpcg::tests::lobpcg_solve_rr_achieves_tight_residuals" classname="spectral-init" timestamp="2026-03-25T15:16:32.599-07:00" time="0.012">
        </testcase>
        <testcase name="solvers::rsvd::tests::test_rsvd_solve_residuals_ring_6" classname="spectral-init" timestamp="2026-03-25T15:16:32.600-07:00" time="0.011">
        </testcase>
        <testcase name="solvers::lobpcg::tests::rayleigh_ritz_refine_perturbed_eigenvectors" classname="spectral-init" timestamp="2026-03-25T15:16:32.600-07:00" time="0.012">
        </testcase>
        <testcase name="solvers::sinv::tests::sinv_returns_none_for_empty_or_degenerate" classname="spectral-init" timestamp="2026-03-25T15:16:32.605-07:00" time="0.007">
        </testcase>
        <testcase name="solvers::lobpcg::tests::rayleigh_ritz_refine_exact_eigenvectors_diagonal" classname="spectral-init" timestamp="2026-03-25T15:16:32.600-07:00" time="0.013">
        </testcase>
        <testcase name="solvers::sinv::tests::sinv_solve_diagonal_eigenvalues_accurate" classname="spectral-init" timestamp="2026-03-25T15:16:32.605-07:00" time="0.010">
        </testcase>
        <testcase name="solvers::sinv::tests::sprs_csc_to_faer_shifted_diagonal" classname="spectral-init" timestamp="2026-03-25T15:16:32.609-07:00" time="0.006">
        </testcase>
        <testcase name="solvers::tests::lobpcg_quality_threshold_is_1e5" classname="spectral-init" timestamp="2026-03-25T15:16:32.610-07:00" time="0.006">
        </testcase>
        <testcase name="solvers::rsvd::tests::test_rsvd_solve_shapes_complete_5" classname="spectral-init" timestamp="2026-03-25T15:16:32.601-07:00" time="0.016">
        </testcase>
        <testcase name="solvers::tests::quality_gate_accepts_near_eigenvector_at_lobpcg_threshold" classname="spectral-init" timestamp="2026-03-25T15:16:32.611-07:00" time="0.006">
        </testcase>
        <testcase name="solvers::tests::quality_gate_catches_garbage_at_dense_evd_threshold" classname="spectral-init" timestamp="2026-03-25T15:16:32.612-07:00" time="0.007">
        </testcase>
        <testcase name="solvers::tests::max_eigenpair_residual_trivial_near_zero" classname="spectral-init" timestamp="2026-03-25T15:16:32.611-07:00" time="0.008">
        </testcase>
        <testcase name="solvers::tests::solve_eigenproblem_eigenvalues_nonneg_and_sorted" classname="spectral-init" timestamp="2026-03-25T15:16:32.613-07:00" time="0.006">
        </testcase>
        <testcase name="solvers::tests::sinv_quality_threshold_ordering" classname="spectral-init" timestamp="2026-03-25T15:16:32.612-07:00" time="0.008">
        </testcase>
        <testcase name="solvers::tests::max_eigenpair_residual_large_for_non_eigenvector" classname="spectral-init" timestamp="2026-03-25T15:16:32.611-07:00" time="0.010">
        </testcase>
        <testcase name="tests::spectral_error_is_std_error" classname="spectral-init" timestamp="2026-03-25T15:16:32.617-07:00" time="0.005">
        </testcase>
        <testcase name="solvers::tests::threshold_ordering_is_strict" classname="spectral-init" timestamp="2026-03-25T15:16:32.617-07:00" time="0.007">
        </testcase>
        <testcase name="tests::spectral_init_too_few_nodes_returns_error" classname="spectral-init" timestamp="2026-03-25T15:16:32.620-07:00" time="0.005">
        </testcase>
        <testcase name="solvers::tests::solve_eigenproblem_returns_k_plus_one_pairs" classname="spectral-init" timestamp="2026-03-25T15:16:32.616-07:00" time="0.009">
        </testcase>
        <testcase name="tests::spectral_init_empty_graph_returns_error" classname="spectral-init" timestamp="2026-03-25T15:16:32.619-07:00" time="0.006">
        </testcase>
        <testcase name="solvers::tests::level0_result_passes_dense_evd_quality_gate" classname="spectral-init" timestamp="2026-03-25T15:16:32.610-07:00" time="0.015">
        </testcase>
        <testcase name="tests::spectral_init_zero_components_returns_error" classname="spectral-init" timestamp="2026-03-25T15:16:32.621-07:00" time="0.005">
        </testcase>
        <testcase name="tests::spectral_init_connected_graph_succeeds_and_has_correct_shape" classname="spectral-init" timestamp="2026-03-25T15:16:32.619-07:00" time="0.008">
        </testcase>
        <testcase name="solvers::lobpcg::tests::lobpcg_injects_trivial_eigenvector" classname="spectral-init" timestamp="2026-03-25T15:16:32.597-07:00" time="0.036">
        </testcase>
        <testcase name="solvers::sinv::tests::sinv_solve_eigenvectors_orthonormal" classname="spectral-init" timestamp="2026-03-25T15:16:32.605-07:00" time="0.055">
        </testcase>
        <testcase name="solvers::sinv::tests::sinv_solve_returns_k_plus_one_pairs" classname="spectral-init" timestamp="2026-03-25T15:16:32.605-07:00" time="0.064">
        </testcase>
        <testcase name="solvers::lobpcg::tests::lobpcg_solve_returns_k_plus_one_eigenpairs" classname="spectral-init" timestamp="2026-03-25T15:16:32.597-07:00" time="0.088">
        </testcase>
        <testcase name="solvers::lobpcg::tests::lobpcg_solve_near_degenerate_residuals_within_tol" classname="spectral-init" timestamp="2026-03-25T15:16:32.597-07:00" time="5.133">
        </testcase>
        <testcase name="solvers::tests::solve_eigenproblem_large_n_routes_through_lobpcg" classname="spectral-init" timestamp="2026-03-25T15:16:32.615-07:00" time="16.869">
        </testcase>
        <testcase name="solvers::tests::solve_eigenproblem_level_numbering" classname="spectral-init" timestamp="2026-03-25T15:16:32.615-07:00" time="17.559">
        </testcase>
    </testsuite>
    <testsuite name="spectral-init::npz_loading" tests="1" disabled="0" errors="0" failures="0">
        <testcase name="smoke_load_comp_a_degrees_blobs_connected_200" classname="spectral-init::npz_loading" timestamp="2026-03-25T15:16:32.621-07:00" time="0.008">
        </testcase>
    </testsuite>
    <testsuite name="spectral-init::test_adversarial_graphs" tests="21" disabled="0" errors="0" failures="0">
        <testcase name="large_ring_laplacian_diagonal_is_one" classname="spectral-init::test_adversarial_graphs" timestamp="2026-03-25T15:16:32.625-07:00" time="0.004">
        </testcase>
        <testcase name="large_ring_laplacian_shape_and_nnz" classname="spectral-init::test_adversarial_graphs" timestamp="2026-03-25T15:16:32.625-07:00" time="0.004">
        </testcase>
        <testcase name="large_epsilon_bridge_laplacian_shape_and_symmetry" classname="spectral-init::test_adversarial_graphs" timestamp="2026-03-25T15:16:32.624-07:00" time="0.006">
        </testcase>
        <testcase name="test_complete_bipartite_valid_embedding" classname="spectral-init::test_adversarial_graphs" timestamp="2026-03-25T15:16:32.627-07:00" time="0.018">
        </testcase>
        <testcase name="test_complete_bipartite_coordinate_stability" classname="spectral-init::test_adversarial_graphs" timestamp="2026-03-25T15:16:32.626-07:00" time="0.019">
        </testcase>
        <testcase name="test_barbell_valid_embedding" classname="spectral-init::test_adversarial_graphs" timestamp="2026-03-25T15:16:32.625-07:00" time="0.023">
        </testcase>
        <testcase name="test_complete_k20_valid_embedding" classname="spectral-init::test_adversarial_graphs" timestamp="2026-03-25T15:16:32.629-07:00" time="0.020">
        </testcase>
        <testcase name="test_barbell_separates_communities" classname="spectral-init::test_adversarial_graphs" timestamp="2026-03-25T15:16:32.625-07:00" time="0.024">
        </testcase>
        <testcase name="test_level_0_dense_evd_for_small_n" classname="spectral-init::test_adversarial_graphs" timestamp="2026-03-25T15:16:32.630-07:00" time="0.021">
        </testcase>
        <testcase name="test_epsilon_bridge_valid_embedding" classname="spectral-init::test_adversarial_graphs" timestamp="2026-03-25T15:16:32.629-07:00" time="0.023">
        </testcase>
        <testcase name="test_epsilon_bridge_separates_communities" classname="spectral-init::test_adversarial_graphs" timestamp="2026-03-25T15:16:32.629-07:00" time="0.024">
        </testcase>
        <testcase name="test_single_edge_returns_too_few_nodes" classname="spectral-init::test_adversarial_graphs" timestamp="2026-03-25T15:16:32.652-07:00" time="0.006">
        </testcase>
        <testcase name="test_lollipop_valid_embedding" classname="spectral-init::test_adversarial_graphs" timestamp="2026-03-25T15:16:32.648-07:00" time="0.023">
        </testcase>
        <testcase name="test_star_coordinate_stability" classname="spectral-init::test_adversarial_graphs" timestamp="2026-03-25T15:16:32.653-07:00" time="0.031">
        </testcase>
        <testcase name="test_star_valid_embedding" classname="spectral-init::test_adversarial_graphs" timestamp="2026-03-25T15:16:32.653-07:00" time="0.041">
        </testcase>
        <testcase name="test_ring_valid_embedding" classname="spectral-init::test_adversarial_graphs" timestamp="2026-03-25T15:16:32.649-07:00" time="0.172">
        </testcase>
        <testcase name="test_weighted_exponential_valid_embedding" classname="spectral-init::test_adversarial_graphs" timestamp="2026-03-25T15:16:32.658-07:00" time="0.174">
        </testcase>
        <testcase name="test_path_valid_embedding" classname="spectral-init::test_adversarial_graphs" timestamp="2026-03-25T15:16:32.649-07:00" time="0.194">
        </testcase>
        <testcase name="test_level_1_lobpcg_for_large_well_conditioned_n" classname="spectral-init::test_adversarial_graphs" timestamp="2026-03-25T15:16:32.633-07:00" time="17.723">
        </testcase>
        <testcase name="test_level_2_regularized_lobpcg_produces_valid_result" classname="spectral-init::test_adversarial_graphs" timestamp="2026-03-25T15:16:32.645-07:00" time="37.924">
        </testcase>
        <testcase name="test_level_3_rsvd_valid_on_large_path" classname="spectral-init::test_adversarial_graphs" timestamp="2026-03-25T15:16:32.645-07:00" time="272.481">
        </testcase>
    </testsuite>
    <testsuite name="spectral-init::test_comp_a_degrees" tests="18" disabled="0" errors="0" failures="0">
        <testcase name="comp_a_degrees_matches_python_blobs_50" classname="spectral-init::test_comp_a_degrees" timestamp="2026-03-25T15:16:32.661-07:00" time="0.009">
        </testcase>
        <testcase name="comp_a_degrees_matches_python_blobs_connected_200" classname="spectral-init::test_comp_a_degrees" timestamp="2026-03-25T15:16:32.671-07:00" time="0.006">
        </testcase>
        <testcase name="comp_a_degrees_matches_python_blobs_500" classname="spectral-init::test_comp_a_degrees" timestamp="2026-03-25T15:16:32.669-07:00" time="0.015">
        </testcase>
        <testcase name="comp_a_degrees_matches_python_circles_300" classname="spectral-init::test_comp_a_degrees" timestamp="2026-03-25T15:16:32.684-07:00" time="0.008">
        </testcase>
        <testcase name="comp_a_degrees_matches_python_moons_200" classname="spectral-init::test_comp_a_degrees" timestamp="2026-03-25T15:16:32.685-07:00" time="0.008">
        </testcase>
        <testcase name="comp_a_degrees_matches_python_disconnected_200" classname="spectral-init::test_comp_a_degrees" timestamp="2026-03-25T15:16:32.684-07:00" time="0.012">
        </testcase>
        <testcase name="comp_a_degrees_matches_python_blobs_connected_2000" classname="spectral-init::test_comp_a_degrees" timestamp="2026-03-25T15:16:32.678-07:00" time="0.020">
        </testcase>
        <testcase name="comp_a_degrees_rust_native_blobs_50" classname="spectral-init::test_comp_a_degrees" timestamp="2026-03-25T15:16:32.693-07:00" time="0.010">
        </testcase>
        <testcase name="comp_a_degrees_matches_python_near_dupes_100" classname="spectral-init::test_comp_a_degrees" timestamp="2026-03-25T15:16:32.692-07:00" time="0.012">
        </testcase>
        <testcase name="comp_a_degrees_rust_native_blobs_500" classname="spectral-init::test_comp_a_degrees" timestamp="2026-03-25T15:16:32.694-07:00" time="0.013">
        </testcase>
        <testcase name="comp_a_degrees_matches_python_blobs_5000" classname="spectral-init::test_comp_a_degrees" timestamp="2026-03-25T15:16:32.670-07:00" time="0.039">
        </testcase>
        <testcase name="comp_a_degrees_rust_native_blobs_connected_200" classname="spectral-init::test_comp_a_degrees" timestamp="2026-03-25T15:16:32.698-07:00" time="0.016">
        </testcase>
        <testcase name="comp_a_degrees_rust_native_disconnected_200" classname="spectral-init::test_comp_a_degrees" timestamp="2026-03-25T15:16:32.707-07:00" time="0.007">
        </testcase>
        <testcase name="comp_a_degrees_rust_native_moons_200" classname="spectral-init::test_comp_a_degrees" timestamp="2026-03-25T15:16:32.709-07:00" time="0.006">
        </testcase>
        <testcase name="comp_a_degrees_rust_native_blobs_connected_2000" classname="spectral-init::test_comp_a_degrees" timestamp="2026-03-25T15:16:32.704-07:00" time="0.020">
        </testcase>
        <testcase name="comp_a_degrees_rust_native_circles_300" classname="spectral-init::test_comp_a_degrees" timestamp="2026-03-25T15:16:32.705-07:00" time="0.019">
        </testcase>
        <testcase name="comp_a_degrees_rust_native_near_dupes_100" classname="spectral-init::test_comp_a_degrees" timestamp="2026-03-25T15:16:32.714-07:00" time="0.014">
        </testcase>
        <testcase name="comp_a_degrees_rust_native_blobs_5000" classname="spectral-init::test_comp_a_degrees" timestamp="2026-03-25T15:16:32.697-07:00" time="0.040">
        </testcase>
    </testsuite>
    <testsuite name="spectral-init::test_comp_b_laplacian" tests="9" disabled="0" errors="0" failures="0">
        <testcase name="comp_b_laplacian_matches_python_blobs_50" classname="spectral-init::test_comp_b_laplacian" timestamp="2026-03-25T15:16:32.715-07:00" time="0.011">
        </testcase>
        <testcase name="comp_b_laplacian_matches_python_blobs_500" classname="spectral-init::test_comp_b_laplacian" timestamp="2026-03-25T15:16:32.715-07:00" time="0.025">
        </testcase>
        <testcase name="comp_b_laplacian_matches_python_blobs_connected_200" classname="spectral-init::test_comp_b_laplacian" timestamp="2026-03-25T15:16:32.724-07:00" time="0.017">
        </testcase>
        <testcase name="comp_b_laplacian_matches_python_circles_300" classname="spectral-init::test_comp_b_laplacian" timestamp="2026-03-25T15:16:32.728-07:00" time="0.023">
        </testcase>
        <testcase name="comp_b_laplacian_matches_python_near_dupes_100" classname="spectral-init::test_comp_b_laplacian" timestamp="2026-03-25T15:16:32.742-07:00" time="0.010">
        </testcase>
        <testcase name="comp_b_laplacian_matches_python_moons_200" classname="spectral-init::test_comp_b_laplacian" timestamp="2026-03-25T15:16:32.740-07:00" time="0.016">
        </testcase>
        <testcase name="comp_b_laplacian_matches_python_disconnected_200" classname="spectral-init::test_comp_b_laplacian" timestamp="2026-03-25T15:16:32.736-07:00" time="0.022">
        </testcase>
        <testcase name="comp_b_laplacian_matches_python_blobs_connected_2000" classname="spectral-init::test_comp_b_laplacian" timestamp="2026-03-25T15:16:32.726-07:00" time="0.119">
        </testcase>
        <testcase name="comp_b_laplacian_matches_python_blobs_5000" classname="spectral-init::test_comp_b_laplacian" timestamp="2026-03-25T15:16:32.724-07:00" time="0.217">
        </testcase>
    </testsuite>
    <testsuite name="spectral-init::test_comp_d_dense_evd" tests="5" disabled="0" errors="0" failures="0">
        <testcase name="comp_d_dense_evd_near_dupes_100" classname="spectral-init::test_comp_d_dense_evd" timestamp="2026-03-25T15:16:32.821-07:00" time="0.162">
        </testcase>
        <testcase name="comp_d_dense_evd_blobs_connected_200" classname="spectral-init::test_comp_d_dense_evd" timestamp="2026-03-25T15:16:32.753-07:00" time="0.714">
        </testcase>
        <testcase name="comp_d_dense_evd_moons_200" classname="spectral-init::test_comp_d_dense_evd" timestamp="2026-03-25T15:16:32.758-07:00" time="0.917">
        </testcase>
        <testcase name="comp_d_dense_evd_circles_300" classname="spectral-init::test_comp_d_dense_evd" timestamp="2026-03-25T15:16:32.757-07:00" time="2.288">
        </testcase>
        <testcase name="comp_d_dense_evd_blobs_connected_2000" classname="spectral-init::test_comp_d_dense_evd" timestamp="2026-03-25T15:16:32.753-07:00" time="103.063">
        </testcase>
    </testsuite>
    <testsuite name="spectral-init::test_comp_e_selection" tests="6" disabled="0" errors="0" failures="0">
        <testcase name="comp_e_selection_matches_python_blobs_connected_200" classname="spectral-init::test_comp_e_selection" timestamp="2026-03-25T15:16:33.675-07:00" time="0.015">
        </testcase>
        <testcase name="comp_e_selection_matches_python_blobs_connected_2000" classname="spectral-init::test_comp_e_selection" timestamp="2026-03-25T15:16:33.690-07:00" time="0.011">
        </testcase>
        <testcase name="comp_e_selection_matches_python_circles_300" classname="spectral-init::test_comp_e_selection" timestamp="2026-03-25T15:16:33.701-07:00" time="0.013">
        </testcase>
        <testcase name="comp_e_selection_matches_python_disconnected_200" classname="spectral-init::test_comp_e_selection" timestamp="2026-03-25T15:16:33.714-07:00" time="0.015">
        </testcase>
        <testcase name="comp_e_selection_matches_python_moons_200" classname="spectral-init::test_comp_e_selection" timestamp="2026-03-25T15:16:33.729-07:00" time="0.013">
        </testcase>
        <testcase name="comp_e_selection_matches_python_near_dupes_100" classname="spectral-init::test_comp_e_selection" timestamp="2026-03-25T15:16:33.742-07:00" time="0.008">
        </testcase>
    </testsuite>
    <testsuite name="spectral-init::test_comp_f_lobpcg" tests="11" disabled="0" errors="0" failures="0">
        <testcase name="lobpcg_blobs_2000_residual_below_1e5_with_chebyshev" classname="spectral-init::test_comp_f_lobpcg" timestamp="2026-03-25T15:16:33.750-07:00" time="5.425">
        </testcase>
        <testcase name="lobpcg_blobs_connected_200_eigenvalues" classname="spectral-init::test_comp_f_lobpcg" timestamp="2026-03-25T15:16:39.175-07:00" time="0.496">
        </testcase>
        <testcase name="lobpcg_blobs_connected_200_level2" classname="spectral-init::test_comp_f_lobpcg" timestamp="2026-03-25T15:16:39.671-07:00" time="0.501">
        </testcase>
        <testcase name="lobpcg_blobs_connected_2000_eigenvalues" classname="spectral-init::test_comp_f_lobpcg" timestamp="2026-03-25T15:16:35.044-07:00" time="5.681">
        </testcase>
        <testcase name="lobpcg_circles_300_eigenvalues" classname="spectral-init::test_comp_f_lobpcg" timestamp="2026-03-25T15:16:40.172-07:00" time="2.749">
        </testcase>
        <testcase name="lobpcg_circles_300_level2" classname="spectral-init::test_comp_f_lobpcg" timestamp="2026-03-25T15:16:40.725-07:00" time="2.443">
        </testcase>
        <testcase name="lobpcg_blobs_connected_2000_level2" classname="spectral-init::test_comp_f_lobpcg" timestamp="2026-03-25T15:16:37.729-07:00" time="6.193">
        </testcase>
        <testcase name="lobpcg_moons_200_eigenvalues" classname="spectral-init::test_comp_f_lobpcg" timestamp="2026-03-25T15:16:42.921-07:00" time="1.140">
        </testcase>
        <testcase name="lobpcg_near_dupes_100_eigenvalues" classname="spectral-init::test_comp_f_lobpcg" timestamp="2026-03-25T15:16:43.922-07:00" time="0.287">
        </testcase>
        <testcase name="lobpcg_moons_200_level2" classname="spectral-init::test_comp_f_lobpcg" timestamp="2026-03-25T15:16:43.169-07:00" time="1.141">
        </testcase>
        <testcase name="lobpcg_near_dupes_100_level2" classname="spectral-init::test_comp_f_lobpcg" timestamp="2026-03-25T15:16:44.061-07:00" time="0.328">
        </testcase>
    </testsuite>
    <testsuite name="spectral-init::test_comp_g_sinv" tests="18" disabled="0" errors="0" failures="0">
        <testcase name="sinv_eigenvalue_accuracy_blobs_50" classname="spectral-init::test_comp_g_sinv" timestamp="2026-03-25T15:16:44.209-07:00" time="0.019">
        </testcase>
        <testcase name="sinv_eigenvalue_accuracy_blobs_500" classname="spectral-init::test_comp_g_sinv" timestamp="2026-03-25T15:16:44.228-07:00" time="0.009">
        </testcase>
        <testcase name="sinv_eigenvalue_accuracy_blobs_5000" classname="spectral-init::test_comp_g_sinv" timestamp="2026-03-25T15:16:44.237-07:00" time="0.034">
        </testcase>
        <testcase name="sinv_eigenvalue_accuracy_blobs_connected_200" classname="spectral-init::test_comp_g_sinv" timestamp="2026-03-25T15:16:44.271-07:00" time="0.222">
        </testcase>
        <testcase name="sinv_eigenvalue_accuracy_disconnected_200" classname="spectral-init::test_comp_g_sinv" timestamp="2026-03-25T15:16:44.493-07:00" time="0.027">
        </testcase>
        <testcase name="sinv_eigenvalue_accuracy_moons_200" classname="spectral-init::test_comp_g_sinv" timestamp="2026-03-25T15:16:44.520-07:00" time="0.305">
        </testcase>
        <testcase name="sinv_eigenvalue_accuracy_circles_300" classname="spectral-init::test_comp_g_sinv" timestamp="2026-03-25T15:16:44.389-07:00" time="0.519">
        </testcase>
        <testcase name="sinv_residual_quality_blobs_50" classname="spectral-init::test_comp_g_sinv" timestamp="2026-03-25T15:16:44.909-07:00" time="0.016">
        </testcase>
        <testcase name="sinv_eigenvalue_accuracy_near_dupes_100" classname="spectral-init::test_comp_g_sinv" timestamp="2026-03-25T15:16:44.826-07:00" time="0.101">
        </testcase>
        <testcase name="sinv_residual_quality_blobs_500" classname="spectral-init::test_comp_g_sinv" timestamp="2026-03-25T15:16:44.925-07:00" time="0.036">
        </testcase>
        <testcase name="sinv_residual_quality_blobs_5000" classname="spectral-init::test_comp_g_sinv" timestamp="2026-03-25T15:16:44.926-07:00" time="0.034">
        </testcase>
        <testcase name="sinv_residual_quality_blobs_connected_200" classname="spectral-init::test_comp_g_sinv" timestamp="2026-03-25T15:16:44.960-07:00" time="0.213">
        </testcase>
        <testcase name="sinv_residual_quality_circles_300" classname="spectral-init::test_comp_g_sinv" timestamp="2026-03-25T15:16:45.173-07:00" time="0.533">
        </testcase>
        <testcase name="sinv_residual_quality_disconnected_200" classname="spectral-init::test_comp_g_sinv" timestamp="2026-03-25T15:16:45.707-07:00" time="0.005">
        </testcase>
        <testcase name="sinv_residual_quality_moons_200" classname="spectral-init::test_comp_g_sinv" timestamp="2026-03-25T15:16:45.712-07:00" time="0.197">
        </testcase>
        <testcase name="sinv_residual_quality_near_dupes_100" classname="spectral-init::test_comp_g_sinv" timestamp="2026-03-25T15:16:45.909-07:00" time="0.244">
        </testcase>
        <testcase name="sinv_eigenvalue_accuracy_blobs_connected_2000" classname="spectral-init::test_comp_g_sinv" timestamp="2026-03-25T15:16:44.309-07:00" time="18.030">
        </testcase>
        <testcase name="sinv_residual_quality_blobs_connected_2000" classname="spectral-init::test_comp_g_sinv" timestamp="2026-03-25T15:16:44.961-07:00" time="18.992">
        </testcase>
    </testsuite>
    <testsuite name="spectral-init::test_e2e_validation" tests="14" disabled="0" errors="0" failures="1">
        <testcase name="test_e2e_disconnected_200_component_separation" classname="spectral-init::test_e2e_validation" timestamp="2026-03-25T15:16:46.153-07:00" time="0.133">
            <failure message="thread &apos;test_e2e_disconnected_200_component_separation&apos; (3007384) panicked at tests/integration/test_e2e_validation.rs:296:5" type="test failure with exit code 101">thread &apos;test_e2e_disconnected_200_component_separation&apos; (3007384) panicked at tests/integration/test_e2e_validation.rs:296:5:
disconnected_200: component centroids not sufficiently distinct: min centroid-to-centroid distance = 0.0000 &lt;= 1.0
note: run with `RUST_BACKTRACE=1` environment variable to display a backtrace</failure>
            <system-out>
running 1 test
test test_e2e_disconnected_200_component_separation ... FAILED

failures:

failures:
    test_e2e_disconnected_200_component_separation

test result: FAILED. 0 passed; 1 failed; 0 ignored; 0 measured; 13 filtered out; finished in 0.11s

</system-out>
            <system-err>
thread &apos;test_e2e_disconnected_200_component_separation&apos; (3007384) panicked at tests/integration/test_e2e_validation.rs:296:5:
disconnected_200: component centroids not sufficiently distinct: min centroid-to-centroid distance = 0.0000 &lt;= 1.0
note: run with `RUST_BACKTRACE=1` environment variable to display a backtrace
</system-err>
        </testcase>
        <testcase name="test_e2e_exact_knn_blobs_50" classname="spectral-init::test_e2e_validation" timestamp="2026-03-25T15:16:46.287-07:00" time="0.033">
        </testcase>
        <testcase name="test_e2e_exact_knn_blobs_connected_200" classname="spectral-init::test_e2e_validation" timestamp="2026-03-25T15:16:46.320-07:00" time="1.214">
        </testcase>
        <testcase name="test_e2e_exact_knn_circles_300" classname="spectral-init::test_e2e_validation" timestamp="2026-03-25T15:16:47.534-07:00" time="2.911">
        </testcase>
        <testcase name="test_e2e_exact_knn_near_dupes_100" classname="spectral-init::test_e2e_validation" timestamp="2026-03-25T15:16:48.458-07:00" time="0.327">
        </testcase>
        <testcase name="test_e2e_exact_knn_moons_200" classname="spectral-init::test_e2e_validation" timestamp="2026-03-25T15:16:47.768-07:00" time="1.449">
        </testcase>
        <testcase name="test_e2e_residual_quality_blobs_connected_200" classname="spectral-init::test_e2e_validation" timestamp="2026-03-25T15:16:48.729-07:00" time="1.297">
        </testcase>
        <testcase name="test_e2e_residual_quality_moons_200" classname="spectral-init::test_e2e_validation" timestamp="2026-03-25T15:16:50.026-07:00" time="1.339">
        </testcase>
        <testcase name="test_e2e_residual_quality_near_dupes_100" classname="spectral-init::test_e2e_validation" timestamp="2026-03-25T15:16:51.364-07:00" time="0.229">
        </testcase>
        <testcase name="test_e2e_residual_quality_circles_300" classname="spectral-init::test_e2e_validation" timestamp="2026-03-25T15:16:49.217-07:00" time="2.848">
        </testcase>
        <testcase name="test_e2e_subspace_near_dupes_100" classname="spectral-init::test_e2e_validation" timestamp="2026-03-25T15:16:52.065-07:00" time="0.388">
        </testcase>
        <testcase name="test_e2e_subspace_circles_300" classname="spectral-init::test_e2e_validation" timestamp="2026-03-25T15:16:51.594-07:00" time="2.834">
        </testcase>
        <testcase name="test_e2e_residual_quality_blobs_connected_2000" classname="spectral-init::test_e2e_validation" timestamp="2026-03-25T15:16:48.786-07:00" time="6.556">
        </testcase>
        <testcase name="test_e2e_performance_blobs_5000" classname="spectral-init::test_e2e_validation" timestamp="2026-03-25T15:16:48.640-07:00" time="92.314">
        </testcase>
    </testsuite>
    <testsuite name="spectral-init::test_pipeline" tests="6" disabled="0" errors="0" failures="1">
        <testcase name="spectral_init_fully_connected_uniform" classname="spectral-init::test_pipeline" timestamp="2026-03-25T15:16:52.454-07:00" time="0.032">
        </testcase>
        <testcase name="spectral_init_single_point" classname="spectral-init::test_pipeline" timestamp="2026-03-25T15:16:52.486-07:00" time="0.053">
        </testcase>
        <testcase name="spectral_init_synthetic_disconnected_preserves_component_structure" classname="spectral-init::test_pipeline" timestamp="2026-03-25T15:16:52.539-07:00" time="0.039">
        </testcase>
        <testcase name="spectral_init_synthetic_disconnected_produces_valid_embedding" classname="spectral-init::test_pipeline" timestamp="2026-03-25T15:16:52.578-07:00" time="0.009">
        </testcase>
        <testcase name="spectral_init_ten_component_graph" classname="spectral-init::test_pipeline" timestamp="2026-03-25T15:16:52.586-07:00" time="0.074">
            <failure message="thread &apos;spectral_init_ten_component_graph&apos; (3008060) panicked at tests/integration/test_pipeline.rs:305:22" type="test failure with exit code 101">thread &apos;spectral_init_ten_component_graph&apos; (3008060) panicked at tests/integration/test_pipeline.rs:305:22:
spectral_init on 10-component graph should succeed: InvalidGraph(&quot;scale_coords: embedding is all-zero; cannot scale to max=10&quot;)
note: run with `RUST_BACKTRACE=1` environment variable to display a backtrace</failure>
            <system-out>
running 1 test
test spectral_init_ten_component_graph ... FAILED

failures:

failures:
    spectral_init_ten_component_graph

test result: FAILED. 0 passed; 1 failed; 0 ignored; 0 measured; 9 filtered out; finished in 0.04s

</system-out>
            <system-err>
thread &apos;spectral_init_ten_component_graph&apos; (3008060) panicked at tests/integration/test_pipeline.rs:305:22:
spectral_init on 10-component graph should succeed: InvalidGraph(&quot;scale_coords: embedding is all-zero; cannot scale to max=10&quot;)
note: run with `RUST_BACKTRACE=1` environment variable to display a backtrace
</system-err>
        </testcase>
        <testcase name="spectral_init_two_points_connected" classname="spectral-init::test_pipeline" timestamp="2026-03-25T15:16:52.660-07:00" time="0.031">
        </testcase>
    </testsuite>
    <testsuite name="spectral-init::test_warm_restart_benefit" tests="6" disabled="0" errors="0" failures="0">
        <testcase name="test_ring_2000_warm_restart_converges" classname="spectral-init::test_warm_restart_benefit" timestamp="2026-03-25T15:17:02.237-07:00" time="0.009">
        </testcase>
        <testcase name="test_ring_2000_warm_restart" classname="spectral-init::test_warm_restart_benefit" timestamp="2026-03-25T15:17:00.624-07:00" time="234.326">
        </testcase>
        <testcase name="test_ring_3000_warm_restart" classname="spectral-init::test_warm_restart_benefit" timestamp="2026-03-25T15:17:02.245-07:00" time="337.199">
        </testcase>
        <testcase name="test_epsilon_bridge_sweep" classname="spectral-init::test_warm_restart_benefit" timestamp="2026-03-25T15:16:52.692-07:00" time="483.716">
        </testcase>
        <testcase name="test_path_2000_warm_restart" classname="spectral-init::test_warm_restart_benefit" timestamp="2026-03-25T15:16:54.428-07:00" time="525.693">
        </testcase>
        <testcase name="test_path_3000_warm_restart" classname="spectral-init::test_warm_restart_benefit" timestamp="2026-03-25T15:16:55.342-07:00" time="634.664">
        </testcase>
    </testsuite>
    <testsuite name="spectral-init::test_comp_d_rsvd" tests="6" disabled="0" errors="0" failures="0">
        <testcase name="comp_d_rsvd_near_dupes_100" classname="spectral-init::test_comp_d_rsvd" timestamp="2026-03-25T15:16:33.466-07:00" time="34.955">
        </testcase>
        <testcase name="comp_d_rsvd_blobs_connected_200" classname="spectral-init::test_comp_d_rsvd" timestamp="2026-03-25T15:16:32.843-07:00" time="86.931">
        </testcase>
        <testcase name="comp_d_rsvd_moons_200" classname="spectral-init::test_comp_d_rsvd" timestamp="2026-03-25T15:16:32.983-07:00" time="87.588">
        </testcase>
        <testcase name="comp_d_rsvd_circles_300" classname="spectral-init::test_comp_d_rsvd" timestamp="2026-03-25T15:16:32.944-07:00" time="116.889">
        </testcase>
        <testcase name="comp_d_rsvd_blobs_500" classname="spectral-init::test_comp_d_rsvd" timestamp="2026-03-25T15:16:32.832-07:00" time="122.227">
        </testcase>
        <testcase name="comp_d_rsvd_blobs_connected_2000" classname="spectral-init::test_comp_d_rsvd" timestamp="2026-03-25T15:16:32.845-07:00" time="280.503">
        </testcase>
    </testsuite>
    <testsuite name="spectral-init::test_accuracy_report" tests="1" disabled="0" errors="0" failures="1">
        <testcase name="generate_accuracy_report" classname="spectral-init::test_accuracy_report" timestamp="2026-03-25T15:16:32.622-07:00" time="220.365">
            <failure message="thread &apos;generate_accuracy_report&apos; (3005888) panicked at tests/integration/test_accuracy_report.rs:832:13" type="test failure with exit code 101">thread &apos;generate_accuracy_report&apos; (3005888) panicked at tests/integration/test_accuracy_report.rs:832:13:
separation_ratio must be &gt; 1.0 for &quot;blobs_50&quot;, got 0
note: run with `RUST_BACKTRACE=1` environment variable to display a backtrace</failure>
            <system-out>
running 1 test
test generate_accuracy_report has been running for over 60 seconds
Accuracy report written to:
  /home/talon/projects/worktrees/research-20260325-105823/target/accuracy-report.md
  /home/talon/projects/worktrees/research-20260325-105823/target/accuracy-report.json
test generate_accuracy_report ... FAILED

failures:

failures:
    generate_accuracy_report

test result: FAILED. 0 passed; 1 failed; 0 ignored; 0 measured; 0 filtered out; finished in 220.36s

</system-out>
            <system-err>
thread &apos;generate_accuracy_report&apos; (3005888) panicked at tests/integration/test_accuracy_report.rs:832:13:
separation_ratio must be &gt; 1.0 for &quot;blobs_50&quot;, got 0
note: run with `RUST_BACKTRACE=1` environment variable to display a backtrace
</system-err>
        </testcase>
    </testsuite>
</testsuites>
