<?xml version="1.0" encoding="UTF-8"?>
<testsuites name="spectral-init-tests" tests="207" failures="0" errors="0" uuid="ec324e8a-a015-4ca9-ae1c-d563d4d0ea2f" timestamp="2026-03-25T15:37:06.240-07:00" time="440.280">
    <testsuite name="spectral-init" tests="85" disabled="0" errors="0" failures="0">
        <testcase name="config_tests::compute_mode_variants_exhaustive" classname="spectral-init" timestamp="2026-03-25T15:37:06.240-07:00" time="0.004">
        </testcase>
        <testcase name="components::tests::test_two_connected_nodes" classname="spectral-init" timestamp="2026-03-25T15:37:06.240-07:00" time="0.004">
        </testcase>
        <testcase name="components::tests::test_two_components_four_nodes" classname="spectral-init" timestamp="2026-03-25T15:37:06.240-07:00" time="0.004">
        </testcase>
        <testcase name="components::tests::test_path_graph_3" classname="spectral-init" timestamp="2026-03-25T15:37:06.240-07:00" time="0.004">
        </testcase>
        <testcase name="components::tests::test_empty_graph" classname="spectral-init" timestamp="2026-03-25T15:37:06.240-07:00" time="0.005">
        </testcase>
        <testcase name="config_tests::compute_mode_rust_native_neq_python_compat" classname="spectral-init" timestamp="2026-03-25T15:37:06.240-07:00" time="0.004">
        </testcase>
        <testcase name="laplacian::tests::build_laplacian_symmetry" classname="spectral-init" timestamp="2026-03-25T15:37:06.240-07:00" time="0.004">
        </testcase>
        <testcase name="components::tests::test_two_isolated_nodes" classname="spectral-init" timestamp="2026-03-25T15:37:06.240-07:00" time="0.004">
        </testcase>
        <testcase name="laplacian::tests::build_laplacian_isolated_node" classname="spectral-init" timestamp="2026-03-25T15:37:06.240-07:00" time="0.004">
        </testcase>
        <testcase name="components::tests::test_three_isolated_nodes" classname="spectral-init" timestamp="2026-03-25T15:37:06.240-07:00" time="0.005">
        </testcase>
        <testcase name="config_tests::compute_mode_copy_clone_eq" classname="spectral-init" timestamp="2026-03-25T15:37:06.240-07:00" time="0.005">
        </testcase>
        <testcase name="components::tests::test_single_node_no_edges" classname="spectral-init" timestamp="2026-03-25T15:37:06.240-07:00" time="0.005">
        </testcase>
        <testcase name="config_tests::default_config_is_python_compat" classname="spectral-init" timestamp="2026-03-25T15:37:06.240-07:00" time="0.006">
        </testcase>
        <testcase name="laplacian::tests::build_laplacian_two_node_complete_graph" classname="spectral-init" timestamp="2026-03-25T15:37:06.240-07:00" time="0.007">
        </testcase>
        <testcase name="config_tests::spectral_init_with_default_config_compiles_and_runs" classname="spectral-init" timestamp="2026-03-25T15:37:06.240-07:00" time="0.008">
        </testcase>
        <testcase name="config_tests::python_compat_and_rust_native_same_subspace" classname="spectral-init" timestamp="2026-03-25T15:37:06.240-07:00" time="0.009">
        </testcase>
        <testcase name="laplacian::tests::compute_degrees_rust_native_uses_f64_row_sum" classname="spectral-init" timestamp="2026-03-25T15:37:06.245-07:00" time="0.005">
        </testcase>
        <testcase name="multi_component::tests::test_embed_disconnected_two_pairs_shape_and_finite" classname="spectral-init" timestamp="2026-03-25T15:37:06.245-07:00" time="0.005">
        </testcase>
        <testcase name="multi_component::tests::test_extract_subgraph_single_node" classname="spectral-init" timestamp="2026-03-25T15:37:06.245-07:00" time="0.005">
        </testcase>
        <testcase name="multi_component::tests::test_embed_disconnected_tiny_components_placed_at_meta_pos" classname="spectral-init" timestamp="2026-03-25T15:37:06.245-07:00" time="0.005">
        </testcase>
        <testcase name="multi_component::tests::test_extract_subgraph_two_components" classname="spectral-init" timestamp="2026-03-25T15:37:06.245-07:00" time="0.005">
        </testcase>
        <testcase name="multi_component::tests::test_orthogonal_meta_embedding_4_comp_2_dim" classname="spectral-init" timestamp="2026-03-25T15:37:06.245-07:00" time="0.005">
        </testcase>
        <testcase name="laplacian::tests::compute_degrees_python_compat_matches_column_sum" classname="spectral-init" timestamp="2026-03-25T15:37:06.245-07:00" time="0.005">
        </testcase>
        <testcase name="laplacian::tests::build_laplacian_weighted_edge" classname="spectral-init" timestamp="2026-03-25T15:37:06.245-07:00" time="0.006">
        </testcase>
        <testcase name="multi_component::tests::test_orthogonal_meta_embedding_1_comp_3_dim" classname="spectral-init" timestamp="2026-03-25T15:37:06.245-07:00" time="0.006">
        </testcase>
        <testcase name="laplacian::tests::compute_degrees_zero_degree_node" classname="spectral-init" timestamp="2026-03-25T15:37:06.245-07:00" time="0.007">
        </testcase>
        <testcase name="operator::tests::test_csr_operator_residual_diagonal" classname="spectral-init" timestamp="2026-03-25T15:37:06.247-07:00" time="0.005">
        </testcase>
        <testcase name="operator::tests::test_csr_operator_block_matches_sequential" classname="spectral-init" timestamp="2026-03-25T15:37:06.247-07:00" time="0.006">
        </testcase>
        <testcase name="operator::tests::test_csr_operator_single_vector" classname="spectral-init" timestamp="2026-03-25T15:37:06.248-07:00" time="0.004">
        </testcase>
        <testcase name="multi_component::tests::test_embed_disconnected_intracomp_lt_intercomp" classname="spectral-init" timestamp="2026-03-25T15:37:06.245-07:00" time="0.008">
        </testcase>
        <testcase name="selection::tests::sorts_before_skipping_trivial" classname="spectral-init" timestamp="2026-03-25T15:37:06.250-07:00" time="0.005">
        </testcase>
        <testcase name="selection::tests::selects_correct_columns_sorted_input" classname="spectral-init" timestamp="2026-03-25T15:37:06.250-07:00" time="0.005">
        </testcase>
        <testcase name="operator::tests::test_spmv_diagonal_matrix" classname="spectral-init" timestamp="2026-03-25T15:37:06.249-07:00" time="0.005">
        </testcase>
        <testcase name="operator::tests::test_spmv_identity_matrix" classname="spectral-init" timestamp="2026-03-25T15:37:06.250-07:00" time="0.005">
        </testcase>
        <testcase name="operator::tests::test_spmv_matches_csr_operator_single_vector" classname="spectral-init" timestamp="2026-03-25T15:37:06.250-07:00" time="0.005">
        </testcase>
        <testcase name="selection::tests::selects_single_nontrivial_eigenvector" classname="spectral-init" timestamp="2026-03-25T15:37:06.250-07:00" time="0.005">
        </testcase>
        <testcase name="solvers::dense::tests::dense_evd_k_greater_than_n_returns_error" classname="spectral-init" timestamp="2026-03-25T15:37:06.251-07:00" time="0.005">
        </testcase>
        <testcase name="operator::tests::test_spmv_matches_dense_reference" classname="spectral-init" timestamp="2026-03-25T15:37:06.250-07:00" time="0.006">
        </testcase>
        <testcase name="solvers::lobpcg::tests::chebyshev_precond_filters_high_eigenvalues" classname="spectral-init" timestamp="2026-03-25T15:37:06.252-07:00" time="0.004">
        </testcase>
        <testcase name="multi_component::tests::test_orthogonal_meta_embedding_2_comp_2_dim" classname="spectral-init" timestamp="2026-03-25T15:37:06.245-07:00" time="0.012">
        </testcase>
        <testcase name="solvers::dense::tests::dense_evd_trivial_2x2" classname="spectral-init" timestamp="2026-03-25T15:37:06.251-07:00" time="0.006">
        </testcase>
        <testcase name="solvers::lobpcg::tests::lobpcg_accept_tol_is_1e5" classname="spectral-init" timestamp="2026-03-25T15:37:06.253-07:00" time="0.006">
        </testcase>
        <testcase name="solvers::dense::tests::dense_evd_identity_3x3" classname="spectral-init" timestamp="2026-03-25T15:37:06.250-07:00" time="0.008">
        </testcase>
        <testcase name="solvers::dense::tests::dense_evd_truncation_k_less_than_n" classname="spectral-init" timestamp="2026-03-25T15:37:06.252-07:00" time="0.007">
        </testcase>
        <testcase name="solvers::lobpcg::tests::chebyshev_precond_degree1_matches_formula" classname="spectral-init" timestamp="2026-03-25T15:37:06.253-07:00" time="0.007">
        </testcase>
        <testcase name="solvers::lobpcg::tests::per_vector_residuals_exact_near_zero" classname="spectral-init" timestamp="2026-03-25T15:37:06.256-07:00" time="0.004">
        </testcase>
        <testcase name="solvers::lobpcg::tests::per_vector_residuals_non_eigenvector_large" classname="spectral-init" timestamp="2026-03-25T15:37:06.257-07:00" time="0.004">
        </testcase>
        <testcase name="solvers::lobpcg::tests::lobpcg_solve_restart_count_zero_on_easy_convergence" classname="spectral-init" timestamp="2026-03-25T15:37:06.255-07:00" time="0.007">
        </testcase>
        <testcase name="solvers::lobpcg::tests::lobpcg_solve_level2_eigenvalues_corrected" classname="spectral-init" timestamp="2026-03-25T15:37:06.255-07:00" time="0.009">
        </testcase>
        <testcase name="solvers::rsvd::tests::test_two_i_minus_laplacian_path_3" classname="spectral-init" timestamp="2026-03-25T15:37:06.260-07:00" time="0.005">
        </testcase>
        <testcase name="solvers::lobpcg::tests::rayleigh_ritz_refine_rotated_basis_recovers_eigenvalues" classname="spectral-init" timestamp="2026-03-25T15:37:06.258-07:00" time="0.008">
        </testcase>
        <testcase name="solvers::lobpcg::tests::lobpcg_solve_diagonal_level1" classname="spectral-init" timestamp="2026-03-25T15:37:06.254-07:00" time="0.013">
        </testcase>
        <testcase name="solvers::rsvd::tests::test_rsvd_solve_residuals_ring_6" classname="spectral-init" timestamp="2026-03-25T15:37:06.258-07:00" time="0.009">
        </testcase>
        <testcase name="solvers::lobpcg::tests::rayleigh_ritz_refine_perturbed_eigenvectors" classname="spectral-init" timestamp="2026-03-25T15:37:06.258-07:00" time="0.010">
        </testcase>
        <testcase name="solvers::sinv::tests::eigenvalue_recovery_formula_exact" classname="spectral-init" timestamp="2026-03-25T15:37:06.260-07:00" time="0.008">
        </testcase>
        <testcase name="solvers::sinv::tests::sinv_returns_none_for_empty_or_degenerate" classname="spectral-init" timestamp="2026-03-25T15:37:06.261-07:00" time="0.007">
        </testcase>
        <testcase name="solvers::lobpcg::tests::lobpcg_solve_rr_achieves_tight_residuals" classname="spectral-init" timestamp="2026-03-25T15:37:06.255-07:00" time="0.012">
        </testcase>
        <testcase name="solvers::lobpcg::tests::rayleigh_ritz_refine_exact_eigenvectors_diagonal" classname="spectral-init" timestamp="2026-03-25T15:37:06.257-07:00" time="0.011">
        </testcase>
        <testcase name="solvers::lobpcg::tests::lobpcg_solve_eigenvectors_orthonormal" classname="spectral-init" timestamp="2026-03-25T15:37:06.255-07:00" time="0.014">
        </testcase>
        <testcase name="solvers::sinv::tests::sprs_csc_to_faer_identity_roundtrip" classname="spectral-init" timestamp="2026-03-25T15:37:06.266-07:00" time="0.004">
        </testcase>
        <testcase name="solvers::rsvd::tests::test_rsvd_solve_shapes_complete_5" classname="spectral-init" timestamp="2026-03-25T15:37:06.260-07:00" time="0.012">
        </testcase>
        <testcase name="solvers::tests::lobpcg_quality_threshold_is_1e5" classname="spectral-init" timestamp="2026-03-25T15:37:06.268-07:00" time="0.004">
        </testcase>
        <testcase name="solvers::tests::quality_gate_accepts_near_eigenvector_at_lobpcg_threshold" classname="spectral-init" timestamp="2026-03-25T15:37:06.268-07:00" time="0.004">
        </testcase>
        <testcase name="solvers::sinv::tests::sprs_csc_to_faer_shifted_diagonal" classname="spectral-init" timestamp="2026-03-25T15:37:06.268-07:00" time="0.004">
        </testcase>
        <testcase name="solvers::sinv::tests::sinv_solve_diagonal_eigenvalues_accurate" classname="spectral-init" timestamp="2026-03-25T15:37:06.262-07:00" time="0.011">
        </testcase>
        <testcase name="solvers::tests::quality_gate_catches_garbage_at_dense_evd_threshold" classname="spectral-init" timestamp="2026-03-25T15:37:06.269-07:00" time="0.005">
        </testcase>
        <testcase name="solvers::tests::max_eigenpair_residual_large_for_non_eigenvector" classname="spectral-init" timestamp="2026-03-25T15:37:06.268-07:00" time="0.006">
        </testcase>
        <testcase name="solvers::tests::max_eigenpair_residual_trivial_near_zero" classname="spectral-init" timestamp="2026-03-25T15:37:06.268-07:00" time="0.005">
        </testcase>
        <testcase name="solvers::tests::sinv_quality_threshold_ordering" classname="spectral-init" timestamp="2026-03-25T15:37:06.269-07:00" time="0.006">
        </testcase>
        <testcase name="solvers::tests::level0_result_passes_dense_evd_quality_gate" classname="spectral-init" timestamp="2026-03-25T15:37:06.268-07:00" time="0.009">
        </testcase>
        <testcase name="tests::spectral_error_is_std_error" classname="spectral-init" timestamp="2026-03-25T15:37:06.273-07:00" time="0.004">
        </testcase>
        <testcase name="tests::spectral_init_empty_graph_returns_error" classname="spectral-init" timestamp="2026-03-25T15:37:06.274-07:00" time="0.004">
        </testcase>
        <testcase name="tests::spectral_init_too_few_nodes_returns_error" classname="spectral-init" timestamp="2026-03-25T15:37:06.274-07:00" time="0.005">
        </testcase>
        <testcase name="tests::spectral_init_zero_components_returns_error" classname="spectral-init" timestamp="2026-03-25T15:37:06.274-07:00" time="0.004">
        </testcase>
        <testcase name="solvers::tests::solve_eigenproblem_eigenvalues_nonneg_and_sorted" classname="spectral-init" timestamp="2026-03-25T15:37:06.270-07:00" time="0.010">
        </testcase>
        <testcase name="solvers::tests::threshold_ordering_is_strict" classname="spectral-init" timestamp="2026-03-25T15:37:06.273-07:00" time="0.008">
        </testcase>
        <testcase name="solvers::tests::solve_eigenproblem_returns_k_plus_one_pairs" classname="spectral-init" timestamp="2026-03-25T15:37:06.272-07:00" time="0.008">
        </testcase>
        <testcase name="tests::spectral_init_connected_graph_succeeds_and_has_correct_shape" classname="spectral-init" timestamp="2026-03-25T15:37:06.274-07:00" time="0.008">
        </testcase>
        <testcase name="solvers::lobpcg::tests::lobpcg_injects_trivial_eigenvector" classname="spectral-init" timestamp="2026-03-25T15:37:06.253-07:00" time="0.040">
        </testcase>
        <testcase name="solvers::sinv::tests::sinv_solve_eigenvectors_orthonormal" classname="spectral-init" timestamp="2026-03-25T15:37:06.264-07:00" time="0.051">
        </testcase>
        <testcase name="solvers::sinv::tests::sinv_solve_returns_k_plus_one_pairs" classname="spectral-init" timestamp="2026-03-25T15:37:06.265-07:00" time="0.053">
        </testcase>
        <testcase name="solvers::lobpcg::tests::lobpcg_solve_returns_k_plus_one_eigenpairs" classname="spectral-init" timestamp="2026-03-25T15:37:06.255-07:00" time="0.083">
        </testcase>
        <testcase name="solvers::lobpcg::tests::lobpcg_solve_near_degenerate_residuals_within_tol" classname="spectral-init" timestamp="2026-03-25T15:37:06.255-07:00" time="5.108">
        </testcase>
        <testcase name="solvers::tests::solve_eigenproblem_level_numbering" classname="spectral-init" timestamp="2026-03-25T15:37:06.272-07:00" time="16.918">
        </testcase>
        <testcase name="solvers::tests::solve_eigenproblem_large_n_routes_through_lobpcg" classname="spectral-init" timestamp="2026-03-25T15:37:06.272-07:00" time="17.343">
        </testcase>
    </testsuite>
    <testsuite name="spectral-init::test_adversarial_graphs" tests="21" disabled="0" errors="0" failures="0">
        <testcase name="large_ring_laplacian_diagonal_is_one" classname="spectral-init::test_adversarial_graphs" timestamp="2026-03-25T15:37:06.278-07:00" time="0.004">
        </testcase>
        <testcase name="large_ring_laplacian_shape_and_nnz" classname="spectral-init::test_adversarial_graphs" timestamp="2026-03-25T15:37:06.279-07:00" time="0.004">
        </testcase>
        <testcase name="large_epsilon_bridge_laplacian_shape_and_symmetry" classname="spectral-init::test_adversarial_graphs" timestamp="2026-03-25T15:37:06.278-07:00" time="0.005">
        </testcase>
        <testcase name="test_level_0_dense_evd_for_small_n" classname="spectral-init::test_adversarial_graphs" timestamp="2026-03-25T15:37:06.283-07:00" time="0.010">
        </testcase>
        <testcase name="test_complete_bipartite_coordinate_stability" classname="spectral-init::test_adversarial_graphs" timestamp="2026-03-25T15:37:06.281-07:00" time="0.017">
        </testcase>
        <testcase name="test_barbell_valid_embedding" classname="spectral-init::test_adversarial_graphs" timestamp="2026-03-25T15:37:06.281-07:00" time="0.017">
        </testcase>
        <testcase name="test_complete_k20_valid_embedding" classname="spectral-init::test_adversarial_graphs" timestamp="2026-03-25T15:37:06.282-07:00" time="0.016">
        </testcase>
        <testcase name="test_complete_bipartite_valid_embedding" classname="spectral-init::test_adversarial_graphs" timestamp="2026-03-25T15:37:06.282-07:00" time="0.017">
        </testcase>
        <testcase name="test_barbell_separates_communities" classname="spectral-init::test_adversarial_graphs" timestamp="2026-03-25T15:37:06.280-07:00" time="0.019">
        </testcase>
        <testcase name="test_epsilon_bridge_separates_communities" classname="spectral-init::test_adversarial_graphs" timestamp="2026-03-25T15:37:06.283-07:00" time="0.020">
        </testcase>
        <testcase name="test_single_edge_returns_too_few_nodes" classname="spectral-init::test_adversarial_graphs" timestamp="2026-03-25T15:37:06.299-07:00" time="0.006">
        </testcase>
        <testcase name="test_epsilon_bridge_valid_embedding" classname="spectral-init::test_adversarial_graphs" timestamp="2026-03-25T15:37:06.283-07:00" time="0.022">
        </testcase>
        <testcase name="test_lollipop_valid_embedding" classname="spectral-init::test_adversarial_graphs" timestamp="2026-03-25T15:37:06.298-07:00" time="0.024">
        </testcase>
        <testcase name="test_star_coordinate_stability" classname="spectral-init::test_adversarial_graphs" timestamp="2026-03-25T15:37:06.302-07:00" time="0.028">
        </testcase>
        <testcase name="test_star_valid_embedding" classname="spectral-init::test_adversarial_graphs" timestamp="2026-03-25T15:37:06.305-07:00" time="0.025">
        </testcase>
        <testcase name="test_ring_valid_embedding" classname="spectral-init::test_adversarial_graphs" timestamp="2026-03-25T15:37:06.299-07:00" time="0.130">
        </testcase>
        <testcase name="test_path_valid_embedding" classname="spectral-init::test_adversarial_graphs" timestamp="2026-03-25T15:37:06.299-07:00" time="0.156">
        </testcase>
        <testcase name="test_weighted_exponential_valid_embedding" classname="spectral-init::test_adversarial_graphs" timestamp="2026-03-25T15:37:06.305-07:00" time="0.170">
        </testcase>
        <testcase name="test_level_1_lobpcg_for_large_well_conditioned_n" classname="spectral-init::test_adversarial_graphs" timestamp="2026-03-25T15:37:06.294-07:00" time="15.114">
        </testcase>
        <testcase name="test_level_2_regularized_lobpcg_produces_valid_result" classname="spectral-init::test_adversarial_graphs" timestamp="2026-03-25T15:37:06.294-07:00" time="35.709">
        </testcase>
        <testcase name="test_level_3_rsvd_valid_on_large_path" classname="spectral-init::test_adversarial_graphs" timestamp="2026-03-25T15:37:06.298-07:00" time="226.979">
        </testcase>
    </testsuite>
    <testsuite name="spectral-init::npz_loading" tests="1" disabled="0" errors="0" failures="0">
        <testcase name="smoke_load_comp_a_degrees_blobs_connected_200" classname="spectral-init::npz_loading" timestamp="2026-03-25T15:37:06.277-07:00" time="0.006">
        </testcase>
    </testsuite>
    <testsuite name="spectral-init::test_comp_a_degrees" tests="18" disabled="0" errors="0" failures="0">
        <testcase name="comp_a_degrees_matches_python_blobs_50" classname="spectral-init::test_comp_a_degrees" timestamp="2026-03-25T15:37:06.315-07:00" time="0.009">
        </testcase>
        <testcase name="comp_a_degrees_matches_python_blobs_connected_200" classname="spectral-init::test_comp_a_degrees" timestamp="2026-03-25T15:37:06.323-07:00" time="0.008">
        </testcase>
        <testcase name="comp_a_degrees_matches_python_blobs_500" classname="spectral-init::test_comp_a_degrees" timestamp="2026-03-25T15:37:06.318-07:00" time="0.013">
        </testcase>
        <testcase name="comp_a_degrees_matches_python_circles_300" classname="spectral-init::test_comp_a_degrees" timestamp="2026-03-25T15:37:06.330-07:00" time="0.008">
        </testcase>
        <testcase name="comp_a_degrees_matches_python_disconnected_200" classname="spectral-init::test_comp_a_degrees" timestamp="2026-03-25T15:37:06.331-07:00" time="0.008">
        </testcase>
        <testcase name="comp_a_degrees_matches_python_moons_200" classname="spectral-init::test_comp_a_degrees" timestamp="2026-03-25T15:37:06.331-07:00" time="0.009">
        </testcase>
        <testcase name="comp_a_degrees_matches_python_near_dupes_100" classname="spectral-init::test_comp_a_degrees" timestamp="2026-03-25T15:37:06.338-07:00" time="0.006">
        </testcase>
        <testcase name="comp_a_degrees_rust_native_blobs_50" classname="spectral-init::test_comp_a_degrees" timestamp="2026-03-25T15:37:06.338-07:00" time="0.006">
        </testcase>
        <testcase name="comp_a_degrees_matches_python_blobs_connected_2000" classname="spectral-init::test_comp_a_degrees" timestamp="2026-03-25T15:37:06.330-07:00" time="0.016">
        </testcase>
        <testcase name="comp_a_degrees_rust_native_blobs_500" classname="spectral-init::test_comp_a_degrees" timestamp="2026-03-25T15:37:06.339-07:00" time="0.011">
        </testcase>
        <testcase name="comp_a_degrees_rust_native_circles_300" classname="spectral-init::test_comp_a_degrees" timestamp="2026-03-25T15:37:06.346-07:00" time="0.007">
        </testcase>
        <testcase name="comp_a_degrees_rust_native_disconnected_200" classname="spectral-init::test_comp_a_degrees" timestamp="2026-03-25T15:37:06.350-07:00" time="0.007">
        </testcase>
        <testcase name="comp_a_degrees_rust_native_blobs_connected_2000" classname="spectral-init::test_comp_a_degrees" timestamp="2026-03-25T15:37:06.345-07:00" time="0.015">
        </testcase>
        <testcase name="comp_a_degrees_matches_python_blobs_5000" classname="spectral-init::test_comp_a_degrees" timestamp="2026-03-25T15:37:06.322-07:00" time="0.039">
        </testcase>
        <testcase name="comp_a_degrees_rust_native_blobs_connected_200" classname="spectral-init::test_comp_a_degrees" timestamp="2026-03-25T15:37:06.344-07:00" time="0.017">
        </testcase>
        <testcase name="comp_a_degrees_rust_native_moons_200" classname="spectral-init::test_comp_a_degrees" timestamp="2026-03-25T15:37:06.353-07:00" time="0.010">
        </testcase>
        <testcase name="comp_a_degrees_rust_native_near_dupes_100" classname="spectral-init::test_comp_a_degrees" timestamp="2026-03-25T15:37:06.357-07:00" time="0.007">
        </testcase>
        <testcase name="comp_a_degrees_rust_native_blobs_5000" classname="spectral-init::test_comp_a_degrees" timestamp="2026-03-25T15:37:06.341-07:00" time="0.030">
        </testcase>
    </testsuite>
    <testsuite name="spectral-init::test_comp_b_laplacian" tests="9" disabled="0" errors="0" failures="0">
        <testcase name="comp_b_laplacian_matches_python_blobs_50" classname="spectral-init::test_comp_b_laplacian" timestamp="2026-03-25T15:37:06.360-07:00" time="0.011">
        </testcase>
        <testcase name="comp_b_laplacian_matches_python_blobs_connected_200" classname="spectral-init::test_comp_b_laplacian" timestamp="2026-03-25T15:37:06.363-07:00" time="0.014">
        </testcase>
        <testcase name="comp_b_laplacian_matches_python_circles_300" classname="spectral-init::test_comp_b_laplacian" timestamp="2026-03-25T15:37:06.371-07:00" time="0.012">
        </testcase>
        <testcase name="comp_b_laplacian_matches_python_blobs_500" classname="spectral-init::test_comp_b_laplacian" timestamp="2026-03-25T15:37:06.361-07:00" time="0.023">
        </testcase>
        <testcase name="comp_b_laplacian_matches_python_moons_200" classname="spectral-init::test_comp_b_laplacian" timestamp="2026-03-25T15:37:06.377-07:00" time="0.012">
        </testcase>
        <testcase name="comp_b_laplacian_matches_python_disconnected_200" classname="spectral-init::test_comp_b_laplacian" timestamp="2026-03-25T15:37:06.371-07:00" time="0.022">
        </testcase>
        <testcase name="comp_b_laplacian_matches_python_near_dupes_100" classname="spectral-init::test_comp_b_laplacian" timestamp="2026-03-25T15:37:06.383-07:00" time="0.014">
        </testcase>
        <testcase name="comp_b_laplacian_matches_python_blobs_connected_2000" classname="spectral-init::test_comp_b_laplacian" timestamp="2026-03-25T15:37:06.364-07:00" time="0.095">
        </testcase>
        <testcase name="comp_b_laplacian_matches_python_blobs_5000" classname="spectral-init::test_comp_b_laplacian" timestamp="2026-03-25T15:37:06.361-07:00" time="0.205">
        </testcase>
    </testsuite>
    <testsuite name="spectral-init::test_comp_d_dense_evd" tests="5" disabled="0" errors="0" failures="0">
        <testcase name="comp_d_dense_evd_near_dupes_100" classname="spectral-init::test_comp_d_dense_evd" timestamp="2026-03-25T15:37:06.430-07:00" time="0.157">
        </testcase>
        <testcase name="comp_d_dense_evd_moons_200" classname="spectral-init::test_comp_d_dense_evd" timestamp="2026-03-25T15:37:06.396-07:00" time="0.614">
        </testcase>
        <testcase name="comp_d_dense_evd_blobs_connected_200" classname="spectral-init::test_comp_d_dense_evd" timestamp="2026-03-25T15:37:06.384-07:00" time="0.627">
        </testcase>
        <testcase name="comp_d_dense_evd_circles_300" classname="spectral-init::test_comp_d_dense_evd" timestamp="2026-03-25T15:37:06.393-07:00" time="1.796">
        </testcase>
        <testcase name="comp_d_dense_evd_blobs_connected_2000" classname="spectral-init::test_comp_d_dense_evd" timestamp="2026-03-25T15:37:06.389-07:00" time="91.700">
        </testcase>
    </testsuite>
    <testsuite name="spectral-init::test_comp_e_selection" tests="6" disabled="0" errors="0" failures="0">
        <testcase name="comp_e_selection_matches_python_blobs_connected_200" classname="spectral-init::test_comp_e_selection" timestamp="2026-03-25T15:37:07.011-07:00" time="0.045">
        </testcase>
        <testcase name="comp_e_selection_matches_python_blobs_connected_2000" classname="spectral-init::test_comp_e_selection" timestamp="2026-03-25T15:37:07.056-07:00" time="0.010">
        </testcase>
        <testcase name="comp_e_selection_matches_python_circles_300" classname="spectral-init::test_comp_e_selection" timestamp="2026-03-25T15:37:07.066-07:00" time="0.044">
        </testcase>
        <testcase name="comp_e_selection_matches_python_disconnected_200" classname="spectral-init::test_comp_e_selection" timestamp="2026-03-25T15:37:07.110-07:00" time="0.047">
        </testcase>
        <testcase name="comp_e_selection_matches_python_moons_200" classname="spectral-init::test_comp_e_selection" timestamp="2026-03-25T15:37:07.158-07:00" time="0.021">
        </testcase>
        <testcase name="comp_e_selection_matches_python_near_dupes_100" classname="spectral-init::test_comp_e_selection" timestamp="2026-03-25T15:37:07.179-07:00" time="0.016">
        </testcase>
    </testsuite>
    <testsuite name="spectral-init::test_comp_f_lobpcg" tests="11" disabled="0" errors="0" failures="0">
        <testcase name="lobpcg_blobs_2000_residual_below_1e5_with_chebyshev" classname="spectral-init::test_comp_f_lobpcg" timestamp="2026-03-25T15:37:07.195-07:00" time="5.218">
        </testcase>
        <testcase name="lobpcg_blobs_connected_2000_eigenvalues" classname="spectral-init::test_comp_f_lobpcg" timestamp="2026-03-25T15:37:08.189-07:00" time="4.682">
        </testcase>
        <testcase name="lobpcg_blobs_connected_200_eigenvalues" classname="spectral-init::test_comp_f_lobpcg" timestamp="2026-03-25T15:37:10.697-07:00" time="0.549">
        </testcase>
        <testcase name="lobpcg_blobs_connected_200_level2" classname="spectral-init::test_comp_f_lobpcg" timestamp="2026-03-25T15:37:11.154-07:00" time="0.386">
        </testcase>
        <testcase name="lobpcg_circles_300_level2" classname="spectral-init::test_comp_f_lobpcg" timestamp="2026-03-25T15:37:11.540-07:00" time="2.205">
        </testcase>
        <testcase name="lobpcg_circles_300_eigenvalues" classname="spectral-init::test_comp_f_lobpcg" timestamp="2026-03-25T15:37:11.246-07:00" time="2.604">
        </testcase>
        <testcase name="lobpcg_moons_200_level2" classname="spectral-init::test_comp_f_lobpcg" timestamp="2026-03-25T15:37:13.850-07:00" time="0.980">
        </testcase>
        <testcase name="lobpcg_moons_200_eigenvalues" classname="spectral-init::test_comp_f_lobpcg" timestamp="2026-03-25T15:37:13.745-07:00" time="1.114">
        </testcase>
        <testcase name="lobpcg_near_dupes_100_level2" classname="spectral-init::test_comp_f_lobpcg" timestamp="2026-03-25T15:37:14.860-07:00" time="0.176">
        </testcase>
        <testcase name="lobpcg_near_dupes_100_eigenvalues" classname="spectral-init::test_comp_f_lobpcg" timestamp="2026-03-25T15:37:14.829-07:00" time="0.209">
        </testcase>
        <testcase name="lobpcg_blobs_connected_2000_level2" classname="spectral-init::test_comp_f_lobpcg" timestamp="2026-03-25T15:37:09.647-07:00" time="6.779">
        </testcase>
    </testsuite>
    <testsuite name="spectral-init::test_comp_g_sinv" tests="18" disabled="0" errors="0" failures="0">
        <testcase name="sinv_eigenvalue_accuracy_blobs_50" classname="spectral-init::test_comp_g_sinv" timestamp="2026-03-25T15:37:15.036-07:00" time="0.012">
        </testcase>
        <testcase name="sinv_eigenvalue_accuracy_blobs_5000" classname="spectral-init::test_comp_g_sinv" timestamp="2026-03-25T15:37:15.048-07:00" time="0.010">
        </testcase>
        <testcase name="sinv_eigenvalue_accuracy_blobs_500" classname="spectral-init::test_comp_g_sinv" timestamp="2026-03-25T15:37:15.039-07:00" time="0.020">
        </testcase>
        <testcase name="sinv_eigenvalue_accuracy_blobs_connected_200" classname="spectral-init::test_comp_g_sinv" timestamp="2026-03-25T15:37:15.058-07:00" time="0.117">
        </testcase>
        <testcase name="sinv_eigenvalue_accuracy_circles_300" classname="spectral-init::test_comp_g_sinv" timestamp="2026-03-25T15:37:15.175-07:00" time="0.563">
        </testcase>
        <testcase name="sinv_eigenvalue_accuracy_disconnected_200" classname="spectral-init::test_comp_g_sinv" timestamp="2026-03-25T15:37:15.737-07:00" time="0.015">
        </testcase>
        <testcase name="sinv_eigenvalue_accuracy_moons_200" classname="spectral-init::test_comp_g_sinv" timestamp="2026-03-25T15:37:15.753-07:00" time="0.372">
        </testcase>
        <testcase name="sinv_eigenvalue_accuracy_near_dupes_100" classname="spectral-init::test_comp_g_sinv" timestamp="2026-03-25T15:37:16.125-07:00" time="0.144">
        </testcase>
        <testcase name="sinv_residual_quality_blobs_50" classname="spectral-init::test_comp_g_sinv" timestamp="2026-03-25T15:37:16.269-07:00" time="0.008">
        </testcase>
        <testcase name="sinv_residual_quality_blobs_500" classname="spectral-init::test_comp_g_sinv" timestamp="2026-03-25T15:37:16.277-07:00" time="0.008">
        </testcase>
        <testcase name="sinv_residual_quality_blobs_5000" classname="spectral-init::test_comp_g_sinv" timestamp="2026-03-25T15:37:16.286-07:00" time="0.015">
        </testcase>
        <testcase name="sinv_residual_quality_blobs_connected_200" classname="spectral-init::test_comp_g_sinv" timestamp="2026-03-25T15:37:16.300-07:00" time="0.237">
        </testcase>
        <testcase name="sinv_residual_quality_circles_300" classname="spectral-init::test_comp_g_sinv" timestamp="2026-03-25T15:37:16.537-07:00" time="0.533">
        </testcase>
        <testcase name="sinv_residual_quality_disconnected_200" classname="spectral-init::test_comp_g_sinv" timestamp="2026-03-25T15:37:17.070-07:00" time="0.021">
        </testcase>
        <testcase name="sinv_residual_quality_moons_200" classname="spectral-init::test_comp_g_sinv" timestamp="2026-03-25T15:37:17.091-07:00" time="0.332">
        </testcase>
        <testcase name="sinv_residual_quality_near_dupes_100" classname="spectral-init::test_comp_g_sinv" timestamp="2026-03-25T15:37:17.423-07:00" time="0.082">
        </testcase>
        <testcase name="sinv_eigenvalue_accuracy_blobs_connected_2000" classname="spectral-init::test_comp_g_sinv" timestamp="2026-03-25T15:37:15.059-07:00" time="18.900">
        </testcase>
        <testcase name="sinv_residual_quality_blobs_connected_2000" classname="spectral-init::test_comp_g_sinv" timestamp="2026-03-25T15:37:16.426-07:00" time="18.777">
        </testcase>
    </testsuite>
    <testsuite name="spectral-init::test_e2e_validation" tests="14" disabled="0" errors="0" failures="0">
        <testcase name="test_e2e_disconnected_200_component_separation" classname="spectral-init::test_e2e_validation" timestamp="2026-03-25T15:37:17.505-07:00" time="0.305">
        </testcase>
        <testcase name="test_e2e_exact_knn_blobs_50" classname="spectral-init::test_e2e_validation" timestamp="2026-03-25T15:37:17.810-07:00" time="0.137">
        </testcase>
        <testcase name="test_e2e_exact_knn_blobs_connected_200" classname="spectral-init::test_e2e_validation" timestamp="2026-03-25T15:37:17.948-07:00" time="1.486">
        </testcase>
        <testcase name="test_e2e_exact_knn_moons_200" classname="spectral-init::test_e2e_validation" timestamp="2026-03-25T15:37:19.691-07:00" time="1.651">
        </testcase>
        <testcase name="test_e2e_exact_knn_near_dupes_100" classname="spectral-init::test_e2e_validation" timestamp="2026-03-25T15:37:21.343-07:00" time="0.498">
        </testcase>
        <testcase name="test_e2e_exact_knn_circles_300" classname="spectral-init::test_e2e_validation" timestamp="2026-03-25T15:37:19.434-07:00" time="2.552">
        </testcase>
        <testcase name="test_e2e_residual_quality_blobs_connected_200" classname="spectral-init::test_e2e_validation" timestamp="2026-03-25T15:37:21.841-07:00" time="1.004">
        </testcase>
        <testcase name="test_e2e_residual_quality_moons_200" classname="spectral-init::test_e2e_validation" timestamp="2026-03-25T15:37:22.845-07:00" time="1.369">
        </testcase>
        <testcase name="test_e2e_residual_quality_circles_300" classname="spectral-init::test_e2e_validation" timestamp="2026-03-25T15:37:21.986-07:00" time="2.388">
        </testcase>
        <testcase name="test_e2e_residual_quality_near_dupes_100" classname="spectral-init::test_e2e_validation" timestamp="2026-03-25T15:37:24.214-07:00" time="0.273">
        </testcase>
        <testcase name="test_e2e_subspace_near_dupes_100" classname="spectral-init::test_e2e_validation" timestamp="2026-03-25T15:37:24.488-07:00" time="0.469">
        </testcase>
        <testcase name="test_e2e_subspace_circles_300" classname="spectral-init::test_e2e_validation" timestamp="2026-03-25T15:37:24.374-07:00" time="2.450">
        </testcase>
        <testcase name="test_e2e_residual_quality_blobs_connected_2000" classname="spectral-init::test_e2e_validation" timestamp="2026-03-25T15:37:21.898-07:00" time="6.155">
        </testcase>
        <testcase name="test_e2e_performance_blobs_5000" classname="spectral-init::test_e2e_validation" timestamp="2026-03-25T15:37:21.474-07:00" time="89.627">
        </testcase>
    </testsuite>
    <testsuite name="spectral-init::test_pipeline" tests="6" disabled="0" errors="0" failures="0">
        <testcase name="spectral_init_fully_connected_uniform" classname="spectral-init::test_pipeline" timestamp="2026-03-25T15:37:24.956-07:00" time="0.024">
        </testcase>
        <testcase name="spectral_init_single_point" classname="spectral-init::test_pipeline" timestamp="2026-03-25T15:37:24.980-07:00" time="0.013">
        </testcase>
        <testcase name="spectral_init_synthetic_disconnected_preserves_component_structure" classname="spectral-init::test_pipeline" timestamp="2026-03-25T15:37:24.993-07:00" time="0.008">
        </testcase>
        <testcase name="spectral_init_synthetic_disconnected_produces_valid_embedding" classname="spectral-init::test_pipeline" timestamp="2026-03-25T15:37:25.002-07:00" time="0.008">
        </testcase>
        <testcase name="spectral_init_ten_component_graph" classname="spectral-init::test_pipeline" timestamp="2026-03-25T15:37:25.009-07:00" time="0.024">
        </testcase>
        <testcase name="spectral_init_two_points_connected" classname="spectral-init::test_pipeline" timestamp="2026-03-25T15:37:25.034-07:00" time="0.005">
        </testcase>
    </testsuite>
    <testsuite name="spectral-init::test_warm_restart_benefit" tests="6" disabled="0" errors="0" failures="0">
        <testcase name="test_ring_2000_warm_restart_converges" classname="spectral-init::test_warm_restart_benefit" timestamp="2026-03-25T15:37:35.203-07:00" time="0.010">
        </testcase>
        <testcase name="test_ring_2000_warm_restart" classname="spectral-init::test_warm_restart_benefit" timestamp="2026-03-25T15:37:33.959-07:00" time="111.916">
        </testcase>
        <testcase name="test_path_2000_warm_restart" classname="spectral-init::test_warm_restart_benefit" timestamp="2026-03-25T15:37:26.824-07:00" time="152.015">
        </testcase>
        <testcase name="test_ring_3000_warm_restart" classname="spectral-init::test_warm_restart_benefit" timestamp="2026-03-25T15:37:35.213-07:00" time="146.300">
        </testcase>
        <testcase name="test_path_3000_warm_restart" classname="spectral-init::test_warm_restart_benefit" timestamp="2026-03-25T15:37:28.054-07:00" time="203.210">
        </testcase>
        <testcase name="test_epsilon_bridge_sweep" classname="spectral-init::test_warm_restart_benefit" timestamp="2026-03-25T15:37:25.039-07:00" time="419.764">
        </testcase>
    </testsuite>
    <testsuite name="spectral-init::test_comp_d_rsvd" tests="6" disabled="0" errors="0" failures="0">
        <testcase name="comp_d_rsvd_near_dupes_100" classname="spectral-init::test_comp_d_rsvd" timestamp="2026-03-25T15:37:07.010-07:00" time="34.488">
        </testcase>
        <testcase name="comp_d_rsvd_blobs_connected_200" classname="spectral-init::test_comp_d_rsvd" timestamp="2026-03-25T15:37:06.459-07:00" time="83.954">
        </testcase>
        <testcase name="comp_d_rsvd_moons_200" classname="spectral-init::test_comp_d_rsvd" timestamp="2026-03-25T15:37:06.587-07:00" time="84.752">
        </testcase>
        <testcase name="comp_d_rsvd_circles_300" classname="spectral-init::test_comp_d_rsvd" timestamp="2026-03-25T15:37:06.566-07:00" time="110.468">
        </testcase>
        <testcase name="comp_d_rsvd_blobs_500" classname="spectral-init::test_comp_d_rsvd" timestamp="2026-03-25T15:37:06.455-07:00" time="114.768">
        </testcase>
        <testcase name="comp_d_rsvd_blobs_connected_2000" classname="spectral-init::test_comp_d_rsvd" timestamp="2026-03-25T15:37:06.476-07:00" time="234.432">
        </testcase>
    </testsuite>
    <testsuite name="spectral-init::test_accuracy_report" tests="1" disabled="0" errors="0" failures="0">
        <testcase name="generate_accuracy_report" classname="spectral-init::test_accuracy_report" timestamp="2026-03-25T15:37:06.277-07:00" time="208.116">
        </testcase>
    </testsuite>
</testsuites>
